[    0.000000] Initializing cgroup subsys cpuset
[    0.000000] Initializing cgroup subsys cpu
[    0.000000] Initializing cgroup subsys cpuacct
[    0.000000] Linux version 4.4.0-72-generic (buildd@lcy01-17) (gcc version 5.4.0 20160609 (Ubuntu 5.4.0-6ubuntu1~16.04.4) ) #93-Ubuntu SMP Fri Mar 31 14:07:41 UTC 2017 (Ubuntu 4.4.0-72.93-generic 4.4.49)
[    0.000000] Command line: BOOT_IMAGE=/boot/vmlinuz-4.4.0-72-generic root=LABEL=cloudimg-rootfs ro console=tty1 console=ttyS0
[    0.000000] KERNEL supported cpus:
[    0.000000]   Intel GenuineIntel
[    0.000000]   AMD AuthenticAMD
[    0.000000]   Centaur CentaurHauls
[    0.000000] x86/fpu: xstate_offset[2]:  576, xstate_sizes[2]:  256
[    0.000000] x86/fpu: Supporting XSAVE feature 0x01: 'x87 floating point registers'
[    0.000000] x86/fpu: Supporting XSAVE feature 0x02: 'SSE registers'
[    0.000000] x86/fpu: Supporting XSAVE feature 0x04: 'AVX registers'
[    0.000000] x86/fpu: Enabled xstate features 0x7, context size is 832 bytes, using 'standard' format.
[    0.000000] x86/fpu: Using 'lazy' FPU context switches.
[    0.000000] e820: BIOS-provided physical RAM map:
[    0.000000] BIOS-e820: [mem 0x0000000000000000-0x000000000009fbff] usable
[    0.000000] BIOS-e820: [mem 0x000000000009fc00-0x000000000009ffff] reserved
[    0.000000] BIOS-e820: [mem 0x00000000000f0000-0x00000000000fffff] reserved
[    0.000000] BIOS-e820: [mem 0x0000000000100000-0x000000003ffeffff] usable
[    0.000000] BIOS-e820: [mem 0x000000003fff0000-0x000000003fffffff] ACPI data
[    0.000000] BIOS-e820: [mem 0x00000000fec00000-0x00000000fec00fff] reserved
[    0.000000] BIOS-e820: [mem 0x00000000fee00000-0x00000000fee00fff] reserved
[    0.000000] BIOS-e820: [mem 0x00000000fffc0000-0x00000000ffffffff] reserved
[    0.000000] NX (Execute Disable) protection: active
[    0.000000] SMBIOS 2.5 present.
[    0.000000] Hypervisor detected: KVM
[    0.000000] e820: last_pfn = 0x3fff0 max_arch_pfn = 0x400000000
[    0.000000] MTRR: Disabled
[    0.000000] x86/PAT: MTRRs disabled, skipping PAT initialization too.
[    0.000000] x86/PAT: Configuration [0-7]: WB  WT  UC- UC  WB  WT  UC- UC  
[    0.000000] CPU MTRRs all blank - virtualized system.
[    0.000000] found SMP MP-table at [mem 0x0009fff0-0x0009ffff] mapped at [ffff88000009fff0]
[    0.000000] Scanning 1 areas for low memory corruption
[    0.000000] RAMDISK: [mem 0x36adc000-0x37565fff]
[    0.000000] ACPI: Early table checksum verification disabled
[    0.000000] ACPI: RSDP 0x00000000000E0000 000024 (v02 VBOX  )
[    0.000000] ACPI: XSDT 0x000000003FFF0030 00003C (v01 VBOX   VBOXXSDT 00000001 ASL  00000061)
[    0.000000] ACPI: FACP 0x000000003FFF00F0 0000F4 (v04 VBOX   VBOXFACP 00000001 ASL  00000061)
[    0.000000] ACPI: DSDT 0x000000003FFF0470 0021C8 (v02 VBOX   VBOXBIOS 00000002 INTL 20100528)
[    0.000000] ACPI: FACS 0x000000003FFF0200 000040
[    0.000000] ACPI: FACS 0x000000003FFF0200 000040
[    0.000000] ACPI: APIC 0x000000003FFF0240 00005C (v02 VBOX   VBOXAPIC 00000001 ASL  00000061)
[    0.000000] ACPI: SSDT 0x000000003FFF02A0 0001CC (v01 VBOX   VBOXCPUT 00000002 INTL 20100528)
[    0.000000] No NUMA configuration found
[    0.000000] Faking a node at [mem 0x0000000000000000-0x000000003ffeffff]
[    0.000000] NODE_DATA(0) allocated [mem 0x3ffeb000-0x3ffeffff]
[    0.000000] kvm-clock: Using msrs 4b564d01 and 4b564d00
[    0.000000] kvm-clock: cpu 0, msr 0:3ffe3001, primary cpu clock
[    0.000000] kvm-clock: using sched offset of 2965618690 cycles
[    0.000000] clocksource: kvm-clock: mask: 0xffffffffffffffff max_cycles: 0x1cd42e4dffb, max_idle_ns: 881590591483 ns
[    0.000000] Zone ranges:
[    0.000000]   DMA      [mem 0x0000000000001000-0x0000000000ffffff]
[    0.000000]   DMA32    [mem 0x0000000001000000-0x000000003ffeffff]
[    0.000000]   Normal   empty
[    0.000000]   Device   empty
[    0.000000] Movable zone start for each node
[    0.000000] Early memory node ranges
[    0.000000]   node   0: [mem 0x0000000000001000-0x000000000009efff]
[    0.000000]   node   0: [mem 0x0000000000100000-0x000000003ffeffff]
[    0.000000] Initmem setup node 0 [mem 0x0000000000001000-0x000000003ffeffff]
[    0.000000] ACPI: PM-Timer IO Port: 0x4008
[    0.000000] IOAPIC[0]: apic_id 2, version 32, address 0xfec00000, GSI 0-23
[    0.000000] ACPI: INT_SRC_OVR (bus 0 bus_irq 0 global_irq 2 dfl dfl)
[    0.000000] ACPI: INT_SRC_OVR (bus 0 bus_irq 9 global_irq 9 high level)
[    0.000000] Using ACPI (MADT) for SMP configuration information
[    0.000000] smpboot: Allowing 2 CPUs, 0 hotplug CPUs
[    0.000000] PM: Registered nosave memory: [mem 0x00000000-0x00000fff]
[    0.000000] PM: Registered nosave memory: [mem 0x0009f000-0x0009ffff]
[    0.000000] PM: Registered nosave memory: [mem 0x000a0000-0x000effff]
[    0.000000] PM: Registered nosave memory: [mem 0x000f0000-0x000fffff]
[    0.000000] e820: [mem 0x40000000-0xfebfffff] available for PCI devices
[    0.000000] Booting paravirtualized kernel on KVM
[    0.000000] clocksource: refined-jiffies: mask: 0xffffffff max_cycles: 0xffffffff, max_idle_ns: 7645519600211568 ns
[    0.000000] setup_percpu: NR_CPUS:512 nr_cpumask_bits:512 nr_cpu_ids:2 nr_node_ids:1
[    0.000000] PERCPU: Embedded 33 pages/cpu @ffff88003fc00000 s98264 r8192 d28712 u1048576
[    0.000000] PV qspinlock hash table entries: 256 (order: 0, 4096 bytes)
[    0.000000] Built 1 zonelists in Node order, mobility grouping on.  Total pages: 257913
[    0.000000] Policy zone: DMA32
[    0.000000] Kernel command line: BOOT_IMAGE=/boot/vmlinuz-4.4.0-72-generic root=LABEL=cloudimg-rootfs ro console=tty1 console=ttyS0
[    0.000000] PID hash table entries: 4096 (order: 3, 32768 bytes)
[    0.000000] Memory: 1001788K/1048120K available (8452K kernel code, 1293K rwdata, 3976K rodata, 1484K init, 1316K bss, 46332K reserved, 0K cma-reserved)
[    0.000000] SLUB: HWalign=64, Order=0-3, MinObjects=0, CPUs=2, Nodes=1
[    0.000000] Hierarchical RCU implementation.
[    0.000000] 	Build-time adjustment of leaf fanout to 64.
[    0.000000] 	RCU restricting CPUs from NR_CPUS=512 to nr_cpu_ids=2.
[    0.000000] RCU: Adjusting geometry for rcu_fanout_leaf=64, nr_cpu_ids=2
[    0.000000] NR_IRQS:33024 nr_irqs:440 16
[    0.000000] Console: colour VGA+ 80x25
[    0.000000] console [tty1] enabled
[    0.000000] console [ttyS0] enabled
[    0.000000] tsc: Detected 2194.918 MHz processor
[   11.017330] Calibrating delay loop (skipped) preset value.. 4389.83 BogoMIPS (lpj=8779672)
[   11.189551] pid_max: default: 32768 minimum: 301
[   11.293297] ACPI: Core revision 20150930
[   11.363695] ACPI: 2 ACPI AML tables successfully acquired and loaded
[   11.421115] Security Framework initialized
[   11.480345] Yama: becoming mindful.
[   11.560873] AppArmor: AppArmor initialized
[   11.640418] Dentry cache hash table entries: 131072 (order: 8, 1048576 bytes)
[   11.778039] Inode-cache hash table entries: 65536 (order: 7, 524288 bytes)
[   11.914722] Mount-cache hash table entries: 2048 (order: 2, 16384 bytes)
[   12.006651] Mountpoint-cache hash table entries: 2048 (order: 2, 16384 bytes)
[   12.128979] Initializing cgroup subsys io
[   12.217380] Initializing cgroup subsys memory
[   12.301952] Initializing cgroup subsys devices
[   12.385317] Initializing cgroup subsys freezer
[   12.464950] Initializing cgroup subsys net_cls
[   12.496269] Initializing cgroup subsys perf_event
[   12.521131] Initializing cgroup subsys net_prio
[   12.612128] Initializing cgroup subsys hugetlb
[   12.661214] Initializing cgroup subsys pids
[   12.708128] CPU: Physical Processor ID: 0
[   12.753893] CPU: Processor Core ID: 0
[   12.785301] mce: CPU supports 0 MCE banks
[   12.816147] Last level iTLB entries: 4KB 1024, 2MB 1024, 4MB 1024
[   12.904007] Last level dTLB entries: 4KB 1024, 2MB 1024, 4MB 1024, 1GB 4
[   12.923156] Freeing SMP alternatives memory: 32K (ffffffff820b8000 - ffffffff820c0000)
[   13.075738] ftrace: allocating 32111 entries in 126 pages
[   13.233640] smpboot: APIC(0) Converting physical 0 to logical package 0
[   13.368741] smpboot: Max logical packages: 1
[   13.437978] x2apic enabled
[   13.499231] Switched APIC routing to physical x2apic.
[   13.582008] ..TIMER: vector=0x30 apic1=0 pin1=2 apic2=-1 pin2=-1
[   13.776397] smpboot: CPU0: Intel(R) Core(TM) i7-4770HQ CPU @ 2.20GHz (family: 0x6, model: 0x46, stepping: 0x1)
[   13.939576] Performance Events: unsupported p6 CPU model 70 no PMU driver, software events only.
[   14.087180] KVM setup paravirtual spinlock
[   14.137972] x86: Booting SMP configuration:
[   14.145129] .... node  #0, CPUs:      #1
[   14.146328] kvm-clock: cpu 1, msr 0:3ffe3041, secondary cpu clock
[   14.201543] mce: CPU supports 0 MCE banks
[   14.260209] x86: Booted up 1 node, 2 CPUs
[   14.305874] smpboot: Total of 2 processors activated (8779.67 BogoMIPS)
[   14.388207] devtmpfs: initialized
[   14.399197] evm: security.selinux
[   14.428570] evm: security.SMACK64
[   14.472256] evm: security.SMACK64EXEC
[   14.506049] evm: security.SMACK64TRANSMUTE
[   14.535074] evm: security.SMACK64MMAP
[   14.565443] evm: security.ima
[   14.641350] evm: security.capability
[   14.683632] clocksource: jiffies: mask: 0xffffffff max_cycles: 0xffffffff, max_idle_ns: 7645041785100000 ns
[   14.821365] pinctrl core: initialized pinctrl subsystem
[   14.953341] RTC time:  2:39:34, date: 04/19/17
[   15.053229] NET: Registered protocol family 16
[   15.161438] cpuidle: using governor ladder
[   15.260641] cpuidle: using governor menu
[   15.339254] PCCT header not found.
[   15.424624] ACPI: bus type PCI registered
[   15.515567] acpiphp: ACPI Hot Plug PCI Controller Driver version: 0.5
[   15.664529] PCI: Using configuration type 1 for base access
[   15.773869] ACPI: Added _OSI(Module Device)
[   15.823863] ACPI: Added _OSI(Processor Device)
[   15.920952] ACPI: Added _OSI(3.0 _SCP Extensions)
[   16.036367] ACPI: Added _OSI(Processor Aggregator Device)
[   16.154504] ACPI: Executed 1 blocks of module-level executable AML code
[   16.301595] ACPI: Interpreter enabled
[   16.396552] ACPI: (supports S0 S5)
[   16.479647] ACPI: Using IOAPIC for interrupt routing
[   16.598719] PCI: Using host bridge windows from ACPI; if necessary, use "pci=nocrs" and report a bug
[   16.821329] ACPI: PCI Root Bridge [PCI0] (domain 0000 [bus 00-ff])
[   16.892991] acpi PNP0A03:00: _OSC: OS supports [ASPM ClockPM Segments MSI]
[   17.025864] acpi PNP0A03:00: _OSC failed (AE_NOT_FOUND); disabling ASPM
[   17.161172] acpi PNP0A03:00: fail to add MMCONFIG information, can't access extended PCI configuration space under this bridge.
[   17.428851] PCI host bridge to bus 0000:00
[   17.497785] pci_bus 0000:00: root bus resource [io  0x0000-0x0cf7 window]
[   17.594247] pci_bus 0000:00: root bus resource [io  0x0d00-0xffff window]
[   17.708713] pci_bus 0000:00: root bus resource [mem 0x000a0000-0x000bffff window]
[   17.818074] pci_bus 0000:00: root bus resource [mem 0x40000000-0xffdfffff window]
[   17.939697] pci_bus 0000:00: root bus resource [bus 00-ff]
[   17.988484] pci 0000:00:01.1: legacy IDE quirk: reg 0x10: [io  0x01f0-0x01f7]
[   18.097218] pci 0000:00:01.1: legacy IDE quirk: reg 0x14: [io  0x03f6]
[   18.251649] pci 0000:00:01.1: legacy IDE quirk: reg 0x18: [io  0x0170-0x0177]
[   18.415797] pci 0000:00:01.1: legacy IDE quirk: reg 0x1c: [io  0x0376]
[   18.544419] pci 0000:00:07.0: quirk: [io  0x4000-0x403f] claimed by PIIX4 ACPI
[   18.694940] pci 0000:00:07.0: quirk: [io  0x4100-0x410f] claimed by PIIX4 SMB
[   18.826092] ACPI: PCI Interrupt Link [LNKA] (IRQs 5 9 10 *11)
[   18.922787] ACPI: PCI Interrupt Link [LNKB] (IRQs 5 9 10 *11)
[   19.042148] ACPI: PCI Interrupt Link [LNKC] (IRQs 5 9 *10 11)
[   19.069120] ACPI: PCI Interrupt Link [LNKD] (IRQs 5 *9 10 11)
[   19.078407] ACPI: Enabled 2 GPEs in block 00 to 07
[   19.155055] vgaarb: setting as boot device: PCI:0000:00:02.0
[   19.261591] vgaarb: device added: PCI:0000:00:02.0,decodes=io+mem,owns=io+mem,locks=none
[   19.421187] vgaarb: loaded
[   19.464874] vgaarb: bridge control possible 0000:00:02.0
[   19.559136] SCSI subsystem initialized
[   19.614817] ACPI: bus type USB registered
[   19.688979] usbcore: registered new interface driver usbfs
[   19.792931] usbcore: registered new interface driver hub
[   19.864118] usbcore: registered new device driver usb
[   19.966951] PCI: Using ACPI for IRQ routing
[   20.050588] NetLabel: Initializing
[   20.110587] NetLabel:  domain hash size = 128
[   20.147184] NetLabel:  protocols = UNLABELED CIPSOv4
[   20.200032] NetLabel:  unlabeled traffic allowed by default
[   20.329348] amd_nb: Cannot enumerate AMD northbridges
[   20.456006] clocksource: Switched to clocksource kvm-clock
[   20.485031] AppArmor: AppArmor Filesystem Enabled
[   20.539594] pnp: PnP ACPI init
[   20.609754] pnp: PnP ACPI: found 3 devices
[   20.705317] clocksource: acpi_pm: mask: 0xffffff max_cycles: 0xffffff, max_idle_ns: 2085701024 ns
[   20.942360] NET: Registered protocol family 2
[   21.056990] TCP established hash table entries: 8192 (order: 4, 65536 bytes)
[   21.199725] TCP bind hash table entries: 8192 (order: 5, 131072 bytes)
[   21.330426] TCP: Hash tables configured (established 8192 bind 8192)
[   21.500246] UDP hash table entries: 512 (order: 2, 16384 bytes)
[   21.619627] UDP-Lite hash table entries: 512 (order: 2, 16384 bytes)
[   21.778915] NET: Registered protocol family 1
[   21.869011] pci 0000:00:00.0: Limiting direct PCI/PCI transfers
[   22.010628] pci 0000:00:01.0: Activating ISA DMA hang workarounds
[   22.161618] Unpacking initramfs...
[   24.009582] Freeing initrd memory: 10792K (ffff880036adc000 - ffff880037566000)
[   24.170034] platform rtc_cmos: registered platform RTC device (no PNP device found)
[   24.353201] Scanning for low memory corruption every 60 seconds
[   24.428579] futex hash table entries: 512 (order: 3, 32768 bytes)
[   24.495057] audit: initializing netlink subsys (disabled)
[   24.541025] audit: type=2000 audit(1492569568.989:1): initialized
[   24.577650] Initialise system trusted keyring
[   24.635382] HugeTLB registered 2 MB page size, pre-allocated 0 pages
[   24.730518] zbud: loaded
[   24.773568] VFS: Disk quotas dquot_6.6.0
[   24.795926] VFS: Dquot-cache hash table entries: 512 (order 0, 4096 bytes)
[   24.891536] squashfs: version 4.0 (2009/01/31) Phillip Lougher
[   24.934651] fuse init (API version 7.23)
[   24.997309] Key type big_key registered
[   25.075129] Allocating IMA MOK and blacklist keyrings.
[   25.176472] tsc: Refined TSC clocksource calibration: 2195.649 MHz
[   25.347929] clocksource: tsc: mask: 0xffffffffffffffff max_cycles: 0x1fa6249e900, max_idle_ns: 440795212637 ns
[   25.348181] Key type asymmetric registered
[   25.348187] Asymmetric key parser 'x509' registered
[   25.348239] Block layer SCSI generic (bsg) driver version 0.4 loaded (major 249)
[   25.348305] io scheduler noop registered
[   25.348307] io scheduler deadline registered (default)
[   25.348333] io scheduler cfq registered
[   25.348442] pci_hotplug: PCI Hot Plug PCI Core version: 0.5
[   25.348447] pciehp: PCI Express Hot Plug Controller Driver version: 0.4
[   25.348782] ACPI: AC Adapter [AC] (on-line)
[   25.348828] input: Power Button as /devices/LNXSYSTM:00/LNXPWRBN:00/input/input0
[   25.348831] ACPI: Power Button [PWRF]
[   25.348889] input: Sleep Button as /devices/LNXSYSTM:00/LNXSLPBN:00/input/input1
[   25.348890] ACPI: Sleep Button [SLPF]
[   25.349005] GHES: HEST is not enabled!
[   25.349819] ACPI: Battery Slot [BAT0] (battery present)
[   25.508412] Serial: 8250/16550 driver, 32 ports, IRQ sharing enabled
[   25.626558] 00:02: ttyS0 at I/O 0x3f8 (irq = 4, base_baud = 115200) is a 16550A
[   25.709968] Linux agpgart interface v0.103
[   25.874040] loop: module loaded
[   25.874503] scsi host0: ata_piix
[   25.874550] scsi host1: ata_piix
[   25.874573] ata1: PATA max UDMA/33 cmd 0x1f0 ctl 0x3f6 bmdma 0xd000 irq 14
[   25.874574] ata2: PATA max UDMA/33 cmd 0x170 ctl 0x376 bmdma 0xd008 irq 15
[   25.874635] libphy: Fixed MDIO Bus: probed
[   25.874637] tun: Universal TUN/TAP device driver, 1.6
[   25.874638] tun: (C) 1999-2004 Max Krasnyansky <maxk@qualcomm.com>
[   25.874911] PPP generic driver version 2.4.2
[   25.874966] ehci_hcd: USB 2.0 'Enhanced' Host Controller (EHCI) Driver
[   25.874970] ehci-pci: EHCI PCI platform driver
[   25.874984] ehci-platform: EHCI generic platform driver
[   25.874990] ohci_hcd: USB 1.1 'Open' Host Controller (OHCI) Driver
[   25.874993] ohci-pci: OHCI PCI platform driver
[   25.874999] ohci-platform: OHCI generic platform driver
[   25.875004] uhci_hcd: USB Universal Host Controller Interface driver
[   25.875050] i8042: PNP: PS/2 Controller [PNP0303:PS2K,PNP0f03:PS2M] at 0x60,0x64 irq 1,12
[   25.979488] serio: i8042 KBD port at 0x60,0x64 irq 1
[   25.979494] serio: i8042 AUX port at 0x60,0x64 irq 12
[   25.979626] mousedev: PS/2 mouse device common for all mice
[   25.979895] rtc_cmos rtc_cmos: rtc core: registered rtc_cmos as rtc0
[   25.979942] rtc_cmos rtc_cmos: alarms up to one day, 114 bytes nvram
[   25.979948] i2c /dev entries driver
[   25.980004] device-mapper: uevent: version 1.0.3
[   25.980051] device-mapper: ioctl: 4.34.0-ioctl (2015-10-28) initialised: dm-devel@redhat.com
[   25.980072] ledtrig-cpu: registered to indicate activity on CPUs
[   25.980349] NET: Registered protocol family 10
[   25.980559] NET: Registered protocol family 17
[   25.980568] Key type dns_resolver registered
[   26.038299] microcode: CPU0 sig=0x40661, pf=0x40, revision=0x0
[   26.038362] microcode: CPU1 sig=0x40661, pf=0x40, revision=0x0
[   26.038443] microcode: Microcode Update Driver: v2.01 <tigran@aivazian.fsnet.co.uk>, Peter Oruba
[   26.038565] registered taskstats version 1
[   26.038576] Loading compiled-in X.509 certificates
[   26.039182] Loaded X.509 cert 'Build time autogenerated kernel key: 04ae903e4643330d1fe41947e79c28b436494994'
[   26.039203] zswap: loaded using pool lzo/zbud
[   26.040489] Key type trusted registered
[   26.042541] Key type encrypted registered
[   26.042545] AppArmor: AppArmor sha1 policy hashing enabled
[   26.042547] ima: No TPM chip found, activating TPM-bypass!
[   26.042565] evm: HMAC attrs: 0x1
[   26.042826]   Magic number: 13:755:662
[   26.144105] rtc_cmos rtc_cmos: setting system clock to 2017-04-19 02:39:46 UTC (1492569586)
[   26.144246] BIOS EDD facility v0.16 2004-Jun-25, 0 devices found
[   26.144246] EDD information not available.
[   26.687489] input: AT Translated Set 2 keyboard as /devices/platform/i8042/serio0/input/input2
[   29.978598] Freeing unused kernel memory: 1484K (ffffffff81f45000 - ffffffff820b8000)
[   30.071500] Write protecting the kernel read-only data: 14336k
[   30.103141] Freeing unused kernel memory: 1776K (ffff880001844000 - ffff880001a00000)
[   30.161578] Freeing unused kernel memory: 120K (ffff880001de2000 - ffff880001e00000)
Loading, please wait...
starting version[   30.276109] random: systemd-udevd: uninitialized urandom read (16 bytes read, 4 bits of entropy available)
 229
[   30.277162] random: udevadm: uninitialized urandom read (16 bytes read, 4 bits of entropy available)
[   30.277218] random: udevadm: uninitialized urandom read (16 bytes read, 4 bits of entropy available)
[   30.277416] random: udevadm: uninitialized urandom read (16 bytes read, 4 bits of entropy available)
[   30.277480] random: udevadm: uninitialized urandom read (16 bytes read, 4 bits of entropy available)
[   30.277544] random: udevadm: uninitialized urandom read (16 bytes read, 4 bits of entropy available)
[   30.277604] random: udevadm: uninitialized urandom read (16 bytes read, 4 bits of entropy available)
[   30.277698] random: udevadm: uninitialized urandom read (16 bytes read, 4 bits of entropy available)
[   30.277767] random: udevadm: uninitialized urandom read (16 bytes read, 4 bits of entropy available)
[   30.277832] random: udevadm: uninitialized urandom read (16 bytes read, 4 bits of entropy available)
[   31.205242] e1000: Intel(R) PRO/1000 Network Driver - version 7.3.21-k8-NAPI
[   31.235100] e1000: Copyright (c) 1999-2006 Intel Corporation.
[   31.257935] Fusion MPT base driver 3.04.20
[   31.362980] Copyright (c) 1999-2008 LSI Corporation
[   31.482223] Fusion MPT SPI Host driver 3.04.20
[   31.589498] AVX version of gcm_enc/dec engaged.
[   31.613049] AES CTR mode by8 optimization enabled
[   31.908981] e1000 0000:00:03.0 eth0: (PCI:33MHz:32-bit) 02:c4:3d:40:4e:31
[   32.039413] e1000 0000:00:03.0 eth0: Intel(R) PRO/1000 Network Connection
[   32.191433] e1000 0000:00:03.0 enp0s3: renamed from eth0
[   32.278942] mptbase: ioc0: Initiating bringup
[   32.291532] input: ImExPS/2 Generic Explorer Mouse as /devices/platform/i8042/serio1/input/input4
[   32.420373] ioc0: LSI53C1030 A0: Capabilities={Initiator}
[   32.750692] scsi host2: ioc0: LSI53C1030 A0, FwRev=00000000h, Ports=1, MaxQ=256, IRQ=20
[   33.133137] scsi 2:0:0:0: Direct-Access     VBOX     HARDDISK         1.0  PQ: 0 ANSI: 5
[   33.306086] scsi target2:0:0: Beginning Domain Validation
[   33.406389] scsi target2:0:0: Domain Validation skipping write tests
[   33.439016] scsi target2:0:0: Ending Domain Validation
[   33.521128] scsi target2:0:0: asynchronous
[   33.620112] scsi 2:0:1:0: Direct-Access     VBOX     HARDDISK         1.0  PQ: 0 ANSI: 5
[   33.918877] scsi target2:0:1: Beginning Domain Validation
[   34.037165] scsi target2:0:1: Domain Validation skipping write tests
[   34.239063] scsi target2:0:1: Ending Domain Validation
[   34.328824] floppy0: no floppy controllers found
[   34.428040] work still pending
[   34.428179] scsi target2:0:1: asynchronous
[   34.520269] sd 2:0:0:0: Attached scsi generic sg0 type 0
[   34.603603] sd 2:0:0:0: [sda] 20971520 512-byte logical blocks: (10.7 GB/10.0 GiB)
[   34.612713] sd 2:0:1:0: Attached scsi generic sg1 type 0
[   34.939679] sd 2:0:1:0: [sdb] 20480 512-byte logical blocks: (10.5 MB/10.0 MiB)
[   34.939819] sd 2:0:0:0: [sda] Write Protect is off
[   34.940014] sd 2:0:0:0: [sda] Incomplete mode parameter data
[   34.940015] sd 2:0:0:0: [sda] Assuming drive cache: write through
[   35.097278]  sda: sda1
[   35.098136] sd 2:0:0:0: [sda] Attached SCSI disk
[   35.572182] sd 2:0:1:0: [sdb] Write Protect is off
[   35.617239] sd 2:0:1:0: [sdb] Incomplete mode parameter data
[   35.643632] sd 2:0:1:0: [sdb] Assuming drive cache: write through
[   35.695340] sd 2:0:1:0: [sdb] Attached SCSI disk
Begin: Loading e[   37.101305] md: linear personality registered for level -1
ssential drivers[   37.160824] md: multipath personality registered for level -4
 ... [   37.279351] md: raid0 personality registered for level 0
[   37.430279] md: raid1 personality registered for level 1
[   37.608448] raid6: sse2x1   gen()  9109 MB/s
[   37.736184] raid6: sse2x1   xor()  6967 MB/s
[   37.864173] raid6: sse2x2   gen() 11022 MB/s
[   37.996027] raid6: sse2x2   xor()  7912 MB/s
[   38.144278] raid6: sse2x4   gen() 13516 MB/s
[   38.312066] raid6: sse2x4   xor()  8512 MB/s
[   38.372636] raid6: using algorithm sse2x4 gen() 13516 MB/s
[   38.468590] raid6: .... xor() 8512 MB/s, rmw enabled
[   38.519400] raid6: using ssse3x2 recovery algorithm
[   38.621018] xor: automatically using best checksumming function:
[   38.819100]    avx       : 20468.000 MB/sec
[   38.902654] async_tx: api initialized (async)
[   38.947789] md: raid6 personality registered for level 6
[   39.012789] md: raid5 personality registered for level 5
[   39.060651] md: raid4 personality registered for level 4
[   39.122898] md: raid10 personality registered for level 10
done.
Begin: Running /scripts/init-p[   39.244913] Btrfs loaded
remount ... done.
Begin: Mounting root file system ... Begin: Running /scripts/local-top ... done.
Begin: Running /scripts/local-premount ... Scanning for Btrfs filesystems
done.
Warning: fsck not present, so skipping root file system
[   39.331033] EXT4-fs (sda1): mounted filesystem with ordered data mode. Opts: (null)
done.
Begin: Running /scripts/local-bottom ... done.
Begin: Running /scripts/init-bottom ... done.
[   39.504618] systemd[1]: systemd 229 running in system mode. (+PAM +AUDIT +SELINUX +IMA +APPARMOR +SMACK +SYSVINIT +UTMP +LIBCRYPTSETUP +GCRYPT +GNUTLS +ACL +XZ -LZ4 +SECCOMP +BLKID +ELFUTILS +KMOD -IDN)
[   39.749035] systemd[1]: Detected virtualization oracle.
[   39.800553] systemd[1]: Detected architecture x86-64.

Welcome to [1mUbuntu 16.04.2 LTS[0m!

[   39.948614] systemd[1]: Set hostname to <ubuntu>.
[   40.019871] systemd[1]: Initializing machine ID from random generator.
[   40.062257] systemd[1]: Installed transient /etc/machine-id file.
[   40.229970] systemd[1]: Created slice System Slice.
[[0;32m  OK  [0m] Created slice System Slice.
[   40.324634] systemd[1]: Listening on Journal Audit Socket.
[[0;32m  OK  [0m] Listening on Journal Audit Socket.
[   40.480687] systemd[1]: Set up automount Arbitrary Executable File Formats File System Automount Point.
[[0;32m  OK  [0m] Set up automount Arbitrary Executab...ats File System Automount Point.
[   40.796732] systemd[1]: Listening on LVM2 metadata daemon socket.
[[0;32m  OK  [0m] Listening on LVM2 metadata daemon socket.
[   41.024432] systemd[1]: Listening on Syslog Socket.
[[0;32m  OK  [0m] Listening on Syslog Socket.
[   41.088538] systemd[1]: Listening on Device-mapper event daemon FIFOs.
[[0;32m  OK  [0m] Listening on Device-mapper event daemon FIFOs.
[   41.284690] systemd[1]: Listening on udev Control Socket.
[[0;32m  OK  [0m] Listening on udev Control Socket.
[   41.468507] systemd[1]: Reached target User and Group Name Lookups.
[[0;32m  OK  [0m] Reached target User and Group Name Lookups.
[   41.656618] systemd[1]: Listening on /dev/initctl Compatibility Named Pipe.
[[0;32m  OK  [0m] Listening on /dev/initctl Compatibility Named Pipe.
[   41.880627] systemd[1]: Listening on Journal Socket.
[[0;32m  OK  [0m] Listening on Journal Socket.
[   42.072693] systemd[1]: Starting Load Kernel Modules...
         [   42.199017] Loading iSCSI transport class v2.0-870.
Starting Load Ke[   42.232513] iscsi: registered transport (tcp)
rnel Modules...
[   42.267688] iscsi: registered transport (iser)
[   42.268710] systemd[1]: Starting Set console keymap...
         [   42.560207] random: nonblocking pool is initialized
Starting Set console keymap...
[   42.724568] systemd[1]: Mounting Debug File System...
         Mounting Debug File System...
[   42.924845] systemd[1]: Starting Create list of required static device nodes for the current kernel...
         Starting Create list of required st... nodes for the current kernel...
[   43.094171] systemd[1]: Starting Uncomplicated firewall...
         Starting Uncomplicated firewall...
[   43.172447] systemd[1]: Starting Monitoring of LVM2 mirrors, snapshots etc. using dmeventd or progress polling...
         Starting Monitoring of LVM2 mirrors... dmeventd or progress polling...
[   43.340218] systemd[1]: Listening on LVM2 poll daemon socket.
[[0;32m  OK  [0m] Listening on LVM2 poll daemon socket.
[   43.504942] systemd[1]: Starting Remount Root and Kernel File Systems...
         [   43.651195] EXT4-fs (sda1): re-mounted. Opts: (null)
Starting Remount Root and Kernel File Systems...
[   43.824583] systemd[1]: Starting Nameserver information manager...
         Starting Nameserver information manager...
[   44.025130] systemd[1]: Listening on udev Kernel Socket.
[[0;32m  OK  [0m] Listening on udev Kernel Socket.
[   44.160551] systemd[1]: Listening on Journal Socket (/dev/log).
[[0;32m  OK  [0m] Listening on Journal Socket (/dev/log).
[   44.356890] systemd[1]: Created slice system-serial\x2dgetty.slice.
[[0;32m  OK  [0m] Created slice system-serial\x2dgetty.slice.
[   44.540581] systemd[1]: Reached target Swap.
[[0;32m  OK  [0m] Reached target Swap.
[   44.716937] systemd[1]: Starting Journal Service...
         Starting Journal Service...
[   44.860495] systemd[1]: Reached target Encrypted Volumes.
[[0;32m  OK  [0m] Reached target Encrypted Volumes.
[   45.045039] systemd[1]: Created slice User and Session Slice.
[[0;32m  OK  [0m] Created slice User and Session Slice.
[   45.220365] systemd[1]: Reached target Slices.
[[0;32m  OK  [0m] Reached target Slices.
[   45.384949] systemd[1]: Started Forward Password Requests to Wall Directory Watch.
[[0;32m  OK  [0m] Started Forward Password Requests to Wall Directory Watch.
[   45.628382] systemd[1]: Mounting Huge Pages File System...
         Mounting Huge Pages File System...
[   45.816405] systemd[1]: Mounting POSIX Message Queue File System...
         Mounting POSIX Message Queue File System...
[   46.041118] systemd[1]: Mounted POSIX Message Queue File System.
[[0;32m  OK  [0m] Mounted POSIX Message Queue File System.
[   46.193064] systemd[1]: Mounted Debug File System.
[[0;32m  OK  [0m] Mounted Debug File System.
[   46.352504] systemd[1]: Mounted Huge Pages File System.
[[0;32m  OK  [0m] Mounted Huge Pages File System.
[   46.548984] systemd[1]: Started Journal Service.
[[0;32m  OK  [0m] Started Journal Service.
[[0;32m  OK  [0m] Started Load Kernel Modules.
[[0;32m  OK  [0m] Started Set console keymap.
[[0;32m  OK  [0m] Started Create list of required sta...ce nodes for the current kernel.
[[0;32m  OK  [0m] Started Uncomplicated firewall.
[[0;32m  OK  [0m] Started Remount Root and Kernel File Systems.
[[0;32m  OK  [0m] Started Nameserver information manager.
[[0;32m  OK  [0m] Started LVM2 metadata daemon.
         Starting Load/Save Random Seed...
         Starting udev Coldplug all Devices...
         Starting Initial cloud-init job (pre-networking)...
         Starting Create Static Device Nodes in /dev...
         Starting Apply Kernel Variables...
         Mounting FUSE Control File System...
         Starting Flush Journal to Persistent Storage...
[[0;32m  OK  [0m] Mounted FUSE Control File System.
[[0;32m  OK  [0m] Started Load/Save Random Seed.
[[0;32m  OK  [0m] Started Create Static Device Nodes in /dev.
[[0;32m  OK  [0m] Started Monitoring of LVM2 mirrors,...ng dmeventd or progress polling.
[[0;32m  OK  [0m] Started Apply Kernel Variables.
[[0;32m  OK  [0m] Started udev Coldplug all Devices.
[[0;32m  OK  [0m] Started Flush Journal to Persistent Storage.
         Starting udev Kernel Device Manager...
[[0;32m  OK  [0m] Started udev Kernel Device Manager.
[[0;32m  OK  [0m] Reached target Local File Systems (Pre).
[[0;32m  OK  [0m] Reached target Local File Systems.
[   27.943816] cloud-init[444]: Cloud-init v. 0.7.9 running 'init-local' at Wed, 19 Apr 2017 02:40:07 +0000. Up 27.70 seconds.
         Starting Tell Plymouth To Write Out Runtime Data...
         Starting Set console font and keymap...
         Starting Commit a transient machine-id on disk...
         Starting Create Volatile Files and Directories...
         Starting LSB: AppArmor initialization...
[[0;32m  OK  [0m] Started Dispatch Password Requests to Console Directory Watch.
[[0;32m  OK  [0m] Started Tell Plymouth To Write Out Runtime Data.
[[0;1;31mFAILED[0m] Failed to start Set console font and keymap.
See 'systemctl status console-setup.service' for details.
[[0;32m  OK  [0m] Started Commit a transient machine-id on disk.
[[0;32m  OK  [0m] Started Create Volatile Files and Directories.
[[0;32m  OK  [0m] Started Initial cloud-init job (pre-networking).
[[0;32m  OK  [0m] Found device /dev/ttyS0.
[[0;32m  OK  [0m] Listening on Load/Save RF Kill Switch Status /dev/rfkill Watch.
[[0;32m  OK  [0m] Reached target Network (Pre).
[[0;32m  OK  [0m] Reached target System Time Synchronized.
         Starting Update UTMP about System Boot/Shutdown...
[[0;32m  OK  [0m] Created slice system-getty.slice.
[[0;32m  OK  [0m] Started Update UTMP about System Boot/Shutdown.
[[0;32m  OK  [0m] Started LSB: AppArmor initialization.
         Starting Raise network interfaces...
[[0;32m  OK  [0m] Started ifup for enp0s3.
[[0;32m  OK  [0m] Started Raise network interfaces.
         Starting Initial cloud-init job (metadata service crawler)...
[[0;32m  OK  [0m] Reached target Network.
[   31.942325] cloud-init[913]: Cloud-init v. 0.7.9 running 'init' at Wed, 19 Apr 2017 02:40:11 +0000. Up 31.41 seconds.
[   32.040672] cloud-init[913]: ci-info: +++++++++++++++++++++++++++++++++++++Net device info++++++++++++++++++++++++++++++++++++++
[   32.040997] cloud-init[913]: ci-info: +--------+------+----------------------------+---------------+-------+-------------------+
[[0;32m  OK  [0m] Started Initial cloud-init job (metadata service crawler).
[   32.041162] cloud-init[913]: ci-info: | Device |  Up  |          Address           |      Mask     | Scope |     Hw-Address    |
[   32.308336] cloud-init[913]: ci-info: +--------+------+----------------------------+---------------+-------+-------------------+
[   32.308551] cloud-init[913]: ci-info: |   lo   | True |         127.0.0.1          |   255.0.0.0   |   .   |         .         |
[[0;32m  OK  [0m] Reached target Network is Online.
[   32.308746] cloud-init[913]: ci-info: |   lo   | True |          ::1/128           |       .       |  host |         .         |
[   32.476547] cloud-init[913]: ci-info: | enp0s3 | True |         10.0.2.15          | 255.255.255.0 |   .   | 02:c4:3d:40:4e:31 |
[   32.476928] cloud-init[913]: ci-info: | enp0s3 | True | fe80::c4:3dff:fe40:4e31/64 |       .       |  link | 02:c4:3d:40:4e:31 |
         Starting iSCSI initiator daemon (iscsid)...
[[   32.477096] cloud-init[913]: ci-info: +--------+------+----------------------------+---------------+-------+-------------------+
[   32.677360] cloud-init[913]: ci-info: +++++++++++++++++++++++++++Route IPv4 info++++++++++++++++++++++++++++
[0;32m  OK  [0m] Reached target System Initialization.
[[   32.677463] cloud-init[913]: ci-info: +-------+-------------+----------+---------------+-----------+-------+
[   32.865435] cloud-init[913]: ci-info: | Route | Destination | Gateway  |    Genmask    | Interface | Flags |
[0;32m  OK  [0m] Listening on ACPID Listen Socket.
[   32.865540] cloud-init[913]: ci-info: +-------+-------------+----------+---------------+-----------+-------+
[   33.118032] cloud-init[913]: ci-info: |   0   |   0.0.0.0   | 10.0.2.2 |    0.0.0.0    |   enp0s3  |   UG  |
[   33.118401] cloud-init[913]: ci-info: |   1   |   10.0.2.0  | 0.0.0.0  | 255.255.255.0 |   enp0s3  |   U   |
         Starting LXD - unix socket.
[[   33.118571] cloud-init[913]: ci-info: +-------+-------------+----------+---------------+-----------+-------+
[0;32m  OK  [0m] Started Trigger resolvconf update for networkd DNS.
[[   33.179701] cloud-init[913]: Generating public/private rsa key pair.
[   33.333089] cloud-init[913]: Your identification has been saved in /etc/ssh/ssh_host_rsa_key.
[0;32m  OK  [0m] Listening on D-Bus System Message Bus Socket.
[[   33.333196] cloud-init[913]: Your public key has been saved in /etc/ssh/ssh_host_rsa_key.pub.
[   33.425122] cloud-init[913]: The key fingerprint is:
[   33.425198] cloud-init[913]: SHA256:tUa/n/rLxJ/3j340xFLM/e7I7RKCZOk6lbkVFZPDOog root@ubuntu-xenial
[   33.425313] cloud-init[913]: The key's randomart image is:
[   33.425440] cloud-init[913]: +---[RSA 2048]----+
[   33.425554] cloud-init[913]: |             .=o.|
[   33.425672] cloud-init[913]: |              ==.|
[   33.425791] cloud-init[913]: |         .oo oo..|
[   33.425912] cloud-init[913]: |        Eo=o+. o.|
[   33.426031] cloud-init[913]: |        S+o+.oo. |
[   33.426151] cloud-init[913]: |         .* oo..o|
[   33.426271] cloud-init[913]: |         o o.oo*.|
[   33.426391] cloud-init[913]: |        o .  +++*|
[   33.426509] cloud-init[913]: |         .  .+O*O|
[   33.426634] cloud-init[913]: +----[SHA256]-----+
[   33.426749] cloud-init[913]: Generating public/private dsa key pair.
[   33.426870] cloud-init[913]: Your identification has been saved in /etc/ssh/ssh_host_dsa_key.
[0;32m  OK  [0m] Started Daily apt activities.
[   33.426996] cloud-init[913]: Your public key has been saved in /etc/ssh/ssh_host_dsa_key.pub.
[   34.024583] cloud-init[913]: The key fingerprint is:
[   34.024975] cloud-init[913]: SHA256:0HpKLadT4+26BubzXHvnS/inUADj3vACqYNdovtcGn4 root@ubuntu-xenial
[[0;32m  OK  [0m] Started ACPI Events Check.
[[   34.025143] cloud-init[913]: The key's randomart image is:
[   34.180837] cloud-init[913]: +---[DSA 1024]----+
[0;32m  OK  [0m] Reached target Paths.
[[   34.180906] cloud-init[913]: |          o      |
[   34.301573] cloud-init[913]: |       . o o     |
[0;32m  OK  [0m] Started Timer to automatically refresh installed snaps.
[   34.301709] cloud-init[913]: |      o = o .    |
[   34.460376] cloud-init[913]: |     + B o + .   |
[   34.460865] cloud-init[913]: |    o B S o o .  |
         Starting Socket activation for snappy daemon.
[[   34.461006] cloud-init[913]: |     ooX o . o   |
[   34.545028] cloud-init[913]: |    .o=.o o o .  |
[0;32m  OK  [0m] Started Daily Cleanup of Temporary Directories.
[[   34.545123] cloud-init[913]: |     +o*Eo ..+. .|
[   34.672813] cloud-init[913]: |      ===oo. o=+ |
[0;32m  OK  [0m] Reached target Timers.
[[   34.672867] cloud-init[913]: +----[SHA256]-----+
[   34.769118] cloud-init[913]: Generating public/private ecdsa key pair.
[0;32m  OK  [0m] Listening on UUID daemon activation socket.
[[   34.769245] cloud-init[913]: Your identification has been saved in /etc/ssh/ssh_host_ecdsa_key.
[   34.889454] cloud-init[913]: Your public key has been saved in /etc/ssh/ssh_host_ecdsa_key.pub.
[0;32m  OK  [0m] Reached target Cloud-config availability.
[   34.889541] cloud-init[913]: The key fingerprint is:
[   35.120804] cloud-init[913]: SHA256:lxYmcaxVUpRe4TkoFTAxtxpFWw607Gvbxbk2XGIKWHk root@ubuntu-xenial
[   35.121155] cloud-init[913]: The key's randomart image is:
[[0;32m  OK  [0m] Listening on LXD - unix socket.
[[   35.121477] cloud-init[913]: +---[ECDSA 256]---+
[   35.265669] cloud-init[913]: |        ..BO%oo. |
[0;32m  OK  [0m] Listening on Socket activation for snappy daemon.
[[   35.265848] cloud-init[913]: |         ooO.X.. |
[   35.377117] cloud-init[913]: |        .o=o*.=  |
[0;32m  OK  [0m] Started iSCSI initiator daemon (iscsid).
[   35.377218] cloud-init[913]: |        .ooBE  . |
[   35.540536] cloud-init[913]: |        So=..    |
[   35.540899] cloud-init[913]: |        .o.  .o.o|
         Starting Login to default iSCSI targets...
[[   35.541072] cloud-init[913]: |           .oo.o+|
[   35.629293] cloud-init[913]: |           ..o =.|
[0;32m  OK  [0m] Reached target Sockets.
[[   35.629389] cloud-init[913]: |            . o..|
[   35.749400] cloud-init[913]: +----[SHA256]-----+
[0;32m  OK  [0m] Reached target Basic System.
[   35.749501] cloud-init[913]: Generating public/private ed25519 key pair.
[   35.848709] cloud-init[913]: Your identification has been saved in /etc/ssh/ssh_host_ed25519_key.
[   35.849194] cloud-init[913]: Your public key has been saved in /etc/ssh/ssh_host_ed25519_key.pub.
[[0;32m  OK  [0m] Started D-Bus System Message Bus.
[   35.849419] cloud-init[913]: The key fingerprint is:
[   36.068697] cloud-init[913]: SHA256:P3uBpgTfyLJFjTJq/+Z82UwYJDquCkBXsrHpJMoej9s root@ubuntu-xenial
[   36.069180] cloud-init[913]: The key's randomart image is:
         Starting System Logging Service...
[   36.069374] cloud-init[913]: +--[ED25519 256]--+
[   36.248703] cloud-init[913]: |   o .           |
[   36.249199] cloud-init[913]: |    B   . .      |
         Starting /etc/rc.local Compatibility...
[   36.249393] cloud-init[913]: | o *   . =       |
[   36.388555] cloud-init[913]: |+ =   * o o      |
[   36.388980] cloud-init[913]: |oo . o OSo +     |
[[0;32m  OK  [0m] Started ACPI event daemon.
[   36.389138] cloud-init[913]: |o + o o *.= o    |
[   36.533003] cloud-init[913]: |.o o o = oo= .   |
[   36.533342] cloud-init[913]: | .o . o.o oo+    |
         Starting LSB: MD monitoring daemon...
[   36.533792] cloud-init[913]: | ..E   ++...     |
[   36.680358] cloud-init[913]: +----[SHA256]-----+
         Starting LSB: Record successful boot for GRUB...
[[0;32m  OK  [0m] Started Deferred execution scheduler.
[[0;32m  OK  [0m] Started Regular background program processing daemon.
[[0;32m  OK  [0m] Started Snappy daemon.
         Starting Login Service...
         Starting Auto import assertions from block devices...
         Starting Accounts Service...
         Starting LXD - container startup/shutdown...
         Starting Apply the settings specified in cloud-config...
[[0;32m  OK  [0m] Started FUSE filesystem for LXC.
         Starting Pollinate to seed the pseudo random number generator...
[[0;32m  OK  [0m] Started System Logging Service.
[[0;32m  OK  [0m] Started /etc/rc.local Compatibility.
[[0;32m  OK  [0m] Started Auto import assertions from block devices.
[[0;32m  OK  [0m] Started LXD - container startup/shutdown.
[[0;32m  OK  [0m] Started LSB: MD monitoring daemon.
[[0;32m  OK  [0m] Started LSB: Record successful boot for GRUB.
[[0;32m  OK  [0m] Started Login to default iSCSI targets.
[   37.484844] cloud-init[1062]: Generating locales (this might take a while)...
[[0;32m  OK  [0m] Started Login Service.
         Starting Authenticate and Authorize Users to Run Privileged Tasks...
[[0;32m  OK  [0m] Reached target Remote File Systems (Pre).
[[0;32m  OK  [0m] Reached target Remote File Systems.
         Starting LSB: VirtualBox Linux Additions...
         Starting LSB: Set the CPU Frequency Scaling governor to "ondemand"...
         Starting LSB: daemon to balance interrupts for SMP systems...
         Starting LSB: automatic crash report generation...
         Starting Permit User Sessions...
[[0;32m  OK  [0m] Started Pollinate to seed the pseudo random number generator.
[   38.214914] cloud-init[1062]:   en_US.UTF-8... done
[   38.328727] cloud-init[1062]: Generation complete.
[[0;32m  OK  [0m] Started Permit User Sessions.
[[0;32m  OK  [0m] Started Authenticate and Authorize Users to Run Privileged Tasks.
[[0;32m  OK  [0m] Started Accounts Service.
[[0;32m  OK  [0m] Started LSB: Set the CPU Frequency Scaling governor to "ondemand".
[[0;32m  OK  [0m] Started LSB: VirtualBox Linux Additions.
         Starting Terminate Plymouth Boot Screen...
         Starting Hold until boot process finishes up...
         Starting OpenBSD Secure Shell server...
[[0;32m  OK  [0m] Started OpenBSD Secure Shell server.
[[0;32m  OK  [0m] Started LSB: daemon to balance interrupts for SMP systems.
[[0;32m  OK  [0m] Started LSB: automatic crash report generation.
[[0;32m  OK  [0m] Started Terminate Plymouth Boot Screen.
[[0;32m  OK  [0m] Started Hold until boot process finishes up.
         Stopping OpenBSD Secure Shell server...
[[0;32m  OK  [0m] Created slice User Slice of ubuntu.
[[0;32m  OK  [0m] Started Session 1 of user ubuntu.
         Starting User Manager for UID 1000...
         Starting Set console scheme...
[[0;32m  OK  [0m] Started Getty on tty1.
[[0;32m  OK  [0m] Started Serial Getty on ttyS0.
[[0;32m  OK  [0m] Reached target Login Prompts.
[[0;32m  OK  [0m] Started User Manager for UID 1000.
[[0;32m  OK  [0m] Stopped OpenBSD Secure Shell server.
[[0;32m  OK  [0m] Started Set console scheme.
         Starting OpenBSD Secure Shell server...
[[0;32m  OK  [0m] Started OpenBSD Secure Shell server.
[[0;32m  OK  [0m] Reached target Multi-User System.
[[0;32m  OK  [0m] Reached target Graphical Interface.
         Starting Update UTMP about System Runlevel Changes...
[[0;32m  OK  [0m] Started Update UTMP about System Runlevel Changes.
[   39.744505] cloud-init[1062]: Cloud-init v. 0.7.9 running 'modules:config' at Wed, 19 Apr 2017 02:40:17 +0000. Up 37.38 seconds.
[[0;32m  OK  [0m] Started Apply the settings specified in cloud-config.
         Starting Execute cloud user/final scripts...
ci-info: no authorized ssh keys fingerprints found for user ubuntu.
<14>Apr 19 02:40:20 ec2: 
<14>Apr 19 02:40:20 ec2: #############################################################
<14>Apr 19 02:40:20 ec2: -----BEGIN SSH HOST KEY FINGERPRINTS-----
<14>Apr 19 02:40:20 ec2: 1024 SHA256:0HpKLadT4+26BubzXHvnS/inUADj3vACqYNdovtcGn4 root@ubuntu-xenial (DSA)
<14>Apr 19 02:40:20 ec2: 256 SHA256:lxYmcaxVUpRe4TkoFTAxtxpFWw607Gvbxbk2XGIKWHk root@ubuntu-xenial (ECDSA)
<14>Apr 19 02:40:20 ec2: 256 SHA256:P3uBpgTfyLJFjTJq/+Z82UwYJDquCkBXsrHpJMoej9s root@ubuntu-xenial (ED25519)
<14>Apr 19 02:40:20 ec2: 2048 SHA256:tUa/n/rLxJ/3j340xFLM/e7I7RKCZOk6lbkVFZPDOog root@ubuntu-xenial (RSA)
<14>Apr 19 02:40:20 ec2: -----END SSH HOST KEY FINGERPRINTS-----
<14>Apr 19 02:40:20 ec2: #############################################################
-----BEGIN SSH HOST KEY KEYS-----
ecdsa-sha2-nistp256 AAAAE2VjZHNhLXNoYTItbmlzdHAyNTYAAAAIbmlzdHAyNTYAAABBBOw8dwl+XV6rR3VmQmtCp/AryzyN06V0sJLvFlV0XX34OXhatsC0+sKd6Av3LOkxbq6FljYPnBysuOJSfdFtKII= root@ubuntu-xenial
ssh-ed25519 AAAAC3NzaC1lZDI1NTE5AAAAIIGcUN7AC/2MkQRu2B1T5Y4AqAmmnsucpLRvuSzRSiSr root@ubuntu-xenial
ssh-rsa AAAAB3NzaC1yc2EAAAADAQABAAABAQDlxGwBT5xm7tgLuwWc1XqK5yREJfdcfH0ogLvBhjhDTWTudsaJ+zh1Dg9YC9Sl1Z8R3s/cQHAE1QXCBDDg/PRWSOLvJOpJuX+kbUIgEuzR9nVVSGowQ5V/Bzo1nab95tf4dAjnlBbP8Z+xNH+frwxJQIKv31v9y7es4KR8OPg7r8fVvzJL1sNPa5rvOyPx0VRX9JOw24K7xF8KtsrY58Z7dgzNOmUDGyEzeaXwa+vJtnxABmyzEVFGLYniWJ8Qb2wjYMneOhJbBXb6eBIT9mODHhB4zrHnIi689lu79gGC3w7oaw0QgeA+AIfOTUZ8AdXPHMi4jxOx9HkbU8Xs8zFz root@ubuntu-xenial
-----END SSH HOST KEY KEYS-----
[[0;32m  OK  [0m] Started Session 2 of user ubuntu.
[   41.064232] cloud-init[1342]: Cloud-init v. 0.7.9 running 'modules:final' at Wed, 19 Apr 2017 02:40:20 +0000. Up 40.30 seconds.
[   41.208356] cloud-init[1342]: ci-info: no authorized ssh keys fingerprints found for user ubuntu.
[[0;32m  OK  [0m] Started Execute cloud user/final scripts.[   41.208529] 
cloud-init[1342]: Cloud-init v. 0.7.9 finished at Wed, 19 Apr 2017 02:40:21 +0000. Datasource DataSourceNoCloud [seed=/dev/sdb][dsmode=net].  Up 41.05 seconds
[[0;32m  OK  [0m] Reached target Cloud-init target.

Ubuntu 16.04.2 LTS ubuntu-xenial ttyS0

ubuntu-xenial login: [146953.735389] e1000 0000:00:03.0 enp0s3: Detected Tx Unit Hang
[146953.735389]   Tx Queue             <0>
[146953.735389]   TDH                  <ef>
[146953.735389]   TDT                  <f1>
[146953.735389]   next_to_use          <f1>
[146953.735389]   next_to_clean        <ef>
[146953.735389] buffer_info[next_to_clean]
[146953.735389]   time_stamp           <1022f5706>
[146953.735389]   next_to_watch        <f0>
[146953.735389]   jiffies              <1022f5977>
[146953.735389]   next_to_watch.status <0>
[146956.912676] e1000 0000:00:03.0 enp0s3: Detected Tx Unit Hang
[146956.912676]   Tx Queue             <0>
[146956.912676]   TDH                  <ef>
[146956.912676]   TDT                  <f1>
[146956.912676]   next_to_use          <f1>
[146956.912676]   next_to_clean        <ef>
[146956.912676] buffer_info[next_to_clean]
[146956.912676]   time_stamp           <1022f5706>
[146956.912676]   next_to_watch        <f0>
[146956.912676]   jiffies              <1022f5c91>
[146956.912676]   next_to_watch.status <0>
[146958.445290] e1000 0000:00:03.0 enp0s3: Reset adapter
[147428.352104] e1000 0000:00:03.0 enp0s3: Detected Tx Unit Hang
[147428.352104]   Tx Queue             <0>
[147428.352104]   TDH                  <6f>
[147428.352104]   TDT                  <71>
[147428.352104]   next_to_use          <71>
[147428.352104]   next_to_clean        <6f>
[147428.352104] buffer_info[next_to_clean]
[147428.352104]   time_stamp           <102312674>
[147428.352104]   next_to_watch        <70>
[147428.352104]   jiffies              <1023128e6>
[147428.352104]   next_to_watch.status <0>
[147431.696229] e1000 0000:00:03.0 enp0s3: Detected Tx Unit Hang
[147431.696229]   Tx Queue             <0>
[147431.696229]   TDH                  <6f>
[147431.696229]   TDT                  <71>
[147431.696229]   next_to_use          <71>
[147431.696229]   next_to_clean        <6f>
[147431.696229] buffer_info[next_to_clean]
[147431.696229]   time_stamp           <102312674>
[147431.696229]   next_to_watch        <70>
[147431.696229]   jiffies              <102312c2a>
[147431.696229]   next_to_watch.status <0>
[147434.820001] e1000 0000:00:03.0 enp0s3: Detected Tx Unit Hang
[147434.820001]   Tx Queue             <0>
[147434.820001]   TDH                  <6f>
[147434.820001]   TDT                  <71>
[147434.820001]   next_to_use          <71>
[147434.820001]   next_to_clean        <6f>
[147434.820001] buffer_info[next_to_clean]
[147434.820001]   time_stamp           <102312674>
[147434.820001]   next_to_watch        <70>
[147434.820001]   jiffies              <102312f37>
[147434.820001]   next_to_watch.status <0>
[147435.980772] e1000 0000:00:03.0 enp0s3: Reset adapter
         Stopping User Manager for0         Stopping LSB: daemon to balance interrupts for SMP systems...
         Stopping Snappy daemon...
[[0;32m  OK  [0m] Unmounted /var/lib/lxcfs.
[[0;32m  OK  [0m] Stopped System Logging Service.
[[0;32m  OK  [0m] Stopped ACPI event daemon.
[[0;32m  OK  [0m] Stopped Deferred execution scheduler.
[[0;32m  OK  [0m] Stopped Regular background program processing daemon.
[[0;32m  OK  [0m] Stopped Snappy daemon.
[[0;32m  OK  [0m] Stopped Accounts Service.
[[0;32m  OK  [0m] Stopped Authenticate and Authorize Users to Run Privileged Tasks.
[[0;32m  OK  [0m] Stopped Getty on tty1.
[[0;32m  OK  [0m] Stopped Serial Getty on ttyS0.
[[0;32m  OK  [0m] Stopped OpenBSD Secure Shell server.
[[0;32m  OK  [0m] Stopped User Manager for UID 1000.
[[0;32m  OK  [0m] Stopped Session 78 of user ubuntu.
[[0;32m  OK  [0m] Stopped D-Bus System Message Bus.
[[0;32m  OK  [0m] Stopped FUSE filesystem for LXC.
[[0;32m  OK  [0m] Stopped LXD - container startup/shutdown.
[[0;32m  OK  [0m] Stopped LSB: MD monitoring daemon.
[[0;32m  OK  [0m] Stopped LSB: VirtualBox Linux Additions.
[[0;32m  OK  [0m] Stopped LSB: Set the CPU Frequency Scaling governor to "ondemand".
[[0;32m  OK  [0m] Stopped LSB: automatic crash report generation.
[[0;32m  OK  [0m] Stopped LSB: Record successful boot for GRUB.
[[0;32m  OK  [0m] Stopped LSB: daemon to balance interrupts for SMP systems.
[[0;32m  OK  [0m] Removed slice User Slice of ubuntu.
         Stopping Login Service...
[[0;32m  OK  [0m] Removed slice system-serial\x2dgetty.slice.
[[0;32m  OK  [0m] Stopped /etc/rc.local Compatibility.
[[0;32m  OK  [0m] Removed slice system-getty.slice.
         Stopping Permit User Sessions...
[[0;32m  OK  [0m] Stopped Login Service.
[[0;32m  OK  [0m] Stopped Permit User Sessions.
[[0;32m  OK  [0m] Stopped target Remote File Systems.
[[0;32m  OK  [0m] Stopped target Remote File Systems (Pre).
         Stopping Login to default iSCSI targets...
[[0;32m  OK  [0m] Stopped target Basic System.
[[0;32m  OK  [0m] Stopped target Slices.
[[0;32m  OK  [0m] Removed slice User and Session Slice.
[[0;32m  OK  [0m] Stopped target Sockets.
[[0;32m  OK  [0m] Closed UUID daemon activation socket.
[[0;32m  OK  [0m] Closed Syslog Socket.
[[0;32m  OK  [0m] Closed ACPID Listen Socket.
[[0;32m  OK  [0m] Closed D-Bus System Message Bus Socket.
[[0;32m  OK  [0m] Closed LXD - unix socket.
[[0;32m  OK  [0m] Closed Socket activation for snappy daemon.
[[0;32m  OK  [0m] Stopped target Paths.
[[0;32m  OK  [0m] Stopped ACPI Events Check.
[[0;32m  OK  [0m] Stopped Forward Password Requests to Wall Directory Watch.
[[0;32m  OK  [0m] Stopped Trigger resolvconf update for networkd DNS.
[[0;32m  OK  [0m] Stopped Dispatch Password Requests to Console Directory Watch.
[[0;32m  OK  [0m] Stopped target System Initialization.
         Stopping Update UTMP about System Boot/Shutdown...
[[0;32m  OK  [0m] Stopped target Encrypted Volumes.
[[0;32m  OK  [0m] Stopped target Swap.
[[0;32m  OK  [0m] Stopped Commit a transient machine-id on disk.
         Stopping Load/Save Random Seed...
[[0;32m  OK  [0m] Stopped target User and Group Name Lookups.
[[0;32m  OK  [0m] Stopped Load/Save Random Seed.
[[0;32m  OK  [0m] Stopped Update UTMP about System Boot/Shutdown.
[[0;32m  OK  [0m] Stopped Login to default iSCSI targets.
         Stopping iSCSI initiator daemon (iscsid)...
[[0;32m  OK  [0m] Stopped Create Volatile Files and Directories.
[[0;32m  OK  [0m] Stopped iSCSI initiator daemon (iscsid).
[[0;32m  OK  [0m] Stopped target Network is Online.
[[0;32m  OK  [0m] Stopped Initial cloud-init job (metadata service crawler).
[[0;32m  OK  [0m] Stopped target Network.
         Stopping Raise network interfaces...
[[0;32m  OK  [0m] Stopped Raise network interfaces.
[[0;32m  OK  [0m] Stopped target Network (Pre).
[[0;32m  OK  [0m] Stopped Initial cloud-init job (pre-networking).
[[0;32m  OK  [0m] Stopped target Local File Systems.
         Unmounting /vagrant...
         Starting Unattended Upgrades Shutdown...
         Unmounting /run/user/1000...
[[0;32m  OK  [0m] Stopped Apply Kernel Variables.
[[0;32m  OK  [0m] Stopped Load Kernel Modules.
[[0;32m  OK  [0m] Unmounted /vagrant.
[[0;32m  OK  [0m] Started Unattended Upgrades Shutdown.
[[0;32m  OK  [0m] Unmounted /run/user/1000.
[[0;32m  OK  [0m] Reached target Unmount All Filesystems.
[[0;32m  OK  [0m] Stopped target Local File Systems (Pre).
[[0;32m  OK  [0m] Stopped Create Static Device Nodes in /dev.
         Stopping Monitoring of LVM2 mirrors... dmeventd or progress polling...
[[0;32m  OK  [0m] Stopped Remount Root and Kernel File Systems.
[[0;32m  OK  [0m] Reached target Shutdown.
[245128.053660] reboot: Power down
