[    0.000000] Initializing cgroup subsys cpuset
[    0.000000] Initializing cgroup subsys cpu
[    0.000000] Initializing cgroup subsys cpuacct
[    0.000000] Linux version 4.4.0-72-generic (buildd@lcy01-17) (gcc version 5.4.0 20160609 (Ubuntu 5.4.0-6ubuntu1~16.04.4) ) #93-Ubuntu SMP Fri Mar 31 14:07:41 UTC 2017 (Ubuntu 4.4.0-72.93-generic 4.4.49)
[    0.000000] Command line: BOOT_IMAGE=/boot/vmlinuz-4.4.0-72-generic root=LABEL=cloudimg-rootfs ro console=tty1 console=ttyS0
[    0.000000] KERNEL supported cpus:
[    0.000000]   Intel GenuineIntel
[    0.000000]   AMD AuthenticAMD
[    0.000000]   Centaur CentaurHauls
[    0.000000] x86/fpu: xstate_offset[2]:  576, xstate_sizes[2]:  256
[    0.000000] x86/fpu: Supporting XSAVE feature 0x01: 'x87 floating point registers'
[    0.000000] x86/fpu: Supporting XSAVE feature 0x02: 'SSE registers'
[    0.000000] x86/fpu: Supporting XSAVE feature 0x04: 'AVX registers'
[    0.000000] x86/fpu: Enabled xstate features 0x7, context size is 832 bytes, using 'standard' format.
[    0.000000] x86/fpu: Using 'lazy' FPU context switches.
[    0.000000] e820: BIOS-provided physical RAM map:
[    0.000000] BIOS-e820: [mem 0x0000000000000000-0x000000000009fbff] usable
[    0.000000] BIOS-e820: [mem 0x000000000009fc00-0x000000000009ffff] reserved
[    0.000000] BIOS-e820: [mem 0x00000000000f0000-0x00000000000fffff] reserved
[    0.000000] BIOS-e820: [mem 0x0000000000100000-0x00000000dffeffff] usable
[    0.000000] BIOS-e820: [mem 0x00000000dfff0000-0x00000000dfffffff] ACPI data
[    0.000000] BIOS-e820: [mem 0x00000000fec00000-0x00000000fec00fff] reserved
[    0.000000] BIOS-e820: [mem 0x00000000fee00000-0x00000000fee00fff] reserved
[    0.000000] BIOS-e820: [mem 0x00000000fffc0000-0x00000000ffffffff] reserved
[    0.000000] BIOS-e820: [mem 0x0000000100000000-0x000000011fffffff] usable
[    0.000000] NX (Execute Disable) protection: active
[    0.000000] SMBIOS 2.5 present.
[    0.000000] Hypervisor detected: KVM
[    0.000000] e820: last_pfn = 0x120000 max_arch_pfn = 0x400000000
[    0.000000] MTRR: Disabled
[    0.000000] x86/PAT: MTRRs disabled, skipping PAT initialization too.
[    0.000000] x86/PAT: Configuration [0-7]: WB  WT  UC- UC  WB  WT  UC- UC  
[    0.000000] CPU MTRRs all blank - virtualized system.
[    0.000000] e820: last_pfn = 0xdfff0 max_arch_pfn = 0x400000000
[    0.000000] found SMP MP-table at [mem 0x0009fff0-0x0009ffff] mapped at [ffff88000009fff0]
[    0.000000] Scanning 1 areas for low memory corruption
[    0.000000] RAMDISK: [mem 0x36ae2000-0x37568fff]
[    0.000000] ACPI: Early table checksum verification disabled
[    0.000000] ACPI: RSDP 0x00000000000E0000 000024 (v02 VBOX  )
[    0.000000] ACPI: XSDT 0x00000000DFFF0030 00003C (v01 VBOX   VBOXXSDT 00000001 ASL  00000061)
[    0.000000] ACPI: FACP 0x00000000DFFF00F0 0000F4 (v04 VBOX   VBOXFACP 00000001 ASL  00000061)
[    0.000000] ACPI: DSDT 0x00000000DFFF0470 0021C8 (v02 VBOX   VBOXBIOS 00000002 INTL 20100528)
[    0.000000] ACPI: FACS 0x00000000DFFF0200 000040
[    0.000000] ACPI: FACS 0x00000000DFFF0200 000040
[    0.000000] ACPI: APIC 0x00000000DFFF0240 00005C (v02 VBOX   VBOXAPIC 00000001 ASL  00000061)
[    0.000000] ACPI: SSDT 0x00000000DFFF02A0 0001CC (v01 VBOX   VBOXCPUT 00000002 INTL 20100528)
[    0.000000] No NUMA configuration found
[    0.000000] Faking a node at [mem 0x0000000000000000-0x000000011fffffff]
[    0.000000] NODE_DATA(0) allocated [mem 0x11fff7000-0x11fffbfff]
[    0.000000] kvm-clock: Using msrs 4b564d01 and 4b564d00
[    0.000000] kvm-clock: cpu 0, msr 1:1ffef001, primary cpu clock
[    0.000000] kvm-clock: using sched offset of 3041810356 cycles
[    0.000000] clocksource: kvm-clock: mask: 0xffffffffffffffff max_cycles: 0x1cd42e4dffb, max_idle_ns: 881590591483 ns
[    0.000000] Zone ranges:
[    0.000000]   DMA      [mem 0x0000000000001000-0x0000000000ffffff]
[    0.000000]   DMA32    [mem 0x0000000001000000-0x00000000ffffffff]
[    0.000000]   Normal   [mem 0x0000000100000000-0x000000011fffffff]
[    0.000000]   Device   empty
[    0.000000] Movable zone start for each node
[    0.000000] Early memory node ranges
[    0.000000]   node   0: [mem 0x0000000000001000-0x000000000009efff]
[    0.000000]   node   0: [mem 0x0000000000100000-0x00000000dffeffff]
[    0.000000]   node   0: [mem 0x0000000100000000-0x000000011fffffff]
[    0.000000] Initmem setup node 0 [mem 0x0000000000001000-0x000000011fffffff]
[    0.000000] ACPI: PM-Timer IO Port: 0x4008
[    0.000000] IOAPIC[0]: apic_id 2, version 32, address 0xfec00000, GSI 0-23
[    0.000000] ACPI: INT_SRC_OVR (bus 0 bus_irq 0 global_irq 2 dfl dfl)
[    0.000000] ACPI: INT_SRC_OVR (bus 0 bus_irq 9 global_irq 9 high level)
[    0.000000] Using ACPI (MADT) for SMP configuration information
[    0.000000] smpboot: Allowing 2 CPUs, 0 hotplug CPUs
[    0.000000] PM: Registered nosave memory: [mem 0x00000000-0x00000fff]
[    0.000000] PM: Registered nosave memory: [mem 0x0009f000-0x0009ffff]
[    0.000000] PM: Registered nosave memory: [mem 0x000a0000-0x000effff]
[    0.000000] PM: Registered nosave memory: [mem 0x000f0000-0x000fffff]
[    0.000000] PM: Registered nosave memory: [mem 0xdfff0000-0xdfffffff]
[    0.000000] PM: Registered nosave memory: [mem 0xe0000000-0xfebfffff]
[    0.000000] PM: Registered nosave memory: [mem 0xfec00000-0xfec00fff]
[    0.000000] PM: Registered nosave memory: [mem 0xfec01000-0xfedfffff]
[    0.000000] PM: Registered nosave memory: [mem 0xfee00000-0xfee00fff]
[    0.000000] PM: Registered nosave memory: [mem 0xfee01000-0xfffbffff]
[    0.000000] PM: Registered nosave memory: [mem 0xfffc0000-0xffffffff]
[    0.000000] e820: [mem 0xe0000000-0xfebfffff] available for PCI devices
[    0.000000] Booting paravirtualized kernel on KVM
[    0.000000] clocksource: refined-jiffies: mask: 0xffffffff max_cycles: 0xffffffff, max_idle_ns: 7645519600211568 ns
[    0.000000] setup_percpu: NR_CPUS:512 nr_cpumask_bits:512 nr_cpu_ids:2 nr_node_ids:1
[    0.000000] PERCPU: Embedded 33 pages/cpu @ffff88011fc00000 s98264 r8192 d28712 u1048576
[    0.000000] PV qspinlock hash table entries: 256 (order: 0, 4096 bytes)
[    0.000000] Built 1 zonelists in Node order, mobility grouping on.  Total pages: 1032057
[    0.000000] Policy zone: Normal
[    0.000000] Kernel command line: BOOT_IMAGE=/boot/vmlinuz-4.4.0-72-generic root=LABEL=cloudimg-rootfs ro console=tty1 console=ttyS0
[    0.000000] PID hash table entries: 4096 (order: 3, 32768 bytes)
[    0.000000] Memory: 4032312K/4193848K available (8452K kernel code, 1293K rwdata, 3976K rodata, 1484K init, 1316K bss, 161536K reserved, 0K cma-reserved)
[    0.000000] SLUB: HWalign=64, Order=0-3, MinObjects=0, CPUs=2, Nodes=1
[    0.000000] Hierarchical RCU implementation.
[    0.000000] 	Build-time adjustment of leaf fanout to 64.
[    0.000000] 	RCU restricting CPUs from NR_CPUS=512 to nr_cpu_ids=2.
[    0.000000] RCU: Adjusting geometry for rcu_fanout_leaf=64, nr_cpu_ids=2
[    0.000000] NR_IRQS:33024 nr_irqs:440 16
[    0.000000] Console: colour VGA+ 80x25
[    0.000000] console [tty1] enabled
[    0.000000] console [ttyS0] enabled
[    0.000000] tsc: Detected 2194.918 MHz processor
[   11.416677] Calibrating delay loop (skipped) preset value.. 4389.83 BogoMIPS (lpj=8779672)
[   11.558525] pid_max: default: 32768 minimum: 301
[   11.650617] ACPI: Core revision 20150930
[   11.690049] ACPI: 2 ACPI AML tables successfully acquired and loaded
[   11.691228] Security Framework initialized
[   11.691977] Yama: becoming mindful.
[   11.692659] AppArmor: AppArmor initialized
[   11.703143] Dentry cache hash table entries: 524288 (order: 10, 4194304 bytes)
[   11.818938] Inode-cache hash table entries: 262144 (order: 9, 2097152 bytes)
[   11.855992] Mount-cache hash table entries: 8192 (order: 4, 65536 bytes)
[   11.857065] Mountpoint-cache hash table entries: 8192 (order: 4, 65536 bytes)
[   11.860682] Initializing cgroup subsys io
[   11.861465] Initializing cgroup subsys memory
[   11.921824] Initializing cgroup subsys devices
[   11.974579] Initializing cgroup subsys freezer
[   12.037097] Initializing cgroup subsys net_cls
[   12.093044] Initializing cgroup subsys perf_event
[   12.169905] Initializing cgroup subsys net_prio
[   12.221159] Initializing cgroup subsys hugetlb
[   12.275278] Initializing cgroup subsys pids
[   12.333685] CPU: Physical Processor ID: 0
[   12.391651] CPU: Processor Core ID: 0
[   12.449572] mce: CPU supports 0 MCE banks
[   12.491810] Last level iTLB entries: 4KB 1024, 2MB 1024, 4MB 1024
[   12.495718] Last level dTLB entries: 4KB 1024, 2MB 1024, 4MB 1024, 1GB 4
[   12.627101] Freeing SMP alternatives memory: 32K (ffffffff820b8000 - ffffffff820c0000)
[   12.771462] ftrace: allocating 32111 entries in 126 pages
[   12.918102] smpboot: APIC(0) Converting physical 0 to logical package 0
[   12.960998] smpboot: Max logical packages: 1
[   12.976952] x2apic enabled
[   12.977770] Switched APIC routing to physical x2apic.
[   13.015506] ..TIMER: vector=0x30 apic1=0 pin1=2 apic2=-1 pin2=-1
[   13.190439] smpboot: CPU0: Intel(R) Core(TM) i7-4770HQ CPU @ 2.20GHz (family: 0x6, model: 0x46, stepping: 0x1)
[   13.288277] Performance Events: unsupported p6 CPU model 70 no PMU driver, software events only.
[   13.476649] KVM setup paravirtual spinlock
[   13.552769] x86: Booting SMP configuration:
[   13.635552] .... node  #0, CPUs:      #1
[   13.726536] kvm-clock: cpu 1, msr 1:1ffef041, secondary cpu clock
[   13.810474] mce: CPU supports 0 MCE banks
[   13.935538] x86: Booted up 1 node, 2 CPUs
[   14.039925] smpboot: Total of 2 processors activated (8779.67 BogoMIPS)
[   14.150254] devtmpfs: initialized
[   14.192241] evm: security.selinux
[   14.229288] evm: security.SMACK64
[   14.292098] evm: security.SMACK64EXEC
[   14.357682] evm: security.SMACK64TRANSMUTE
[   14.435338] evm: security.SMACK64MMAP
[   14.517192] evm: security.ima
[   14.571520] evm: security.capability
[   14.613351] clocksource: jiffies: mask: 0xffffffff max_cycles: 0xffffffff, max_idle_ns: 7645041785100000 ns
[   14.615165] pinctrl core: initialized pinctrl subsystem
[   14.717404] RTC time: 23:18:03, date: 04/21/17
[   14.833076] NET: Registered protocol family 16
[   14.926528] cpuidle: using governor ladder
[   15.027765] cpuidle: using governor menu
[   15.097603] PCCT header not found.
[   15.140846] ACPI: bus type PCI registered
[   15.141564] acpiphp: ACPI Hot Plug PCI Controller Driver version: 0.5
[   15.142673] PCI: Using configuration type 1 for base access
[   15.262405] ACPI: Added _OSI(Module Device)
[   15.340278] ACPI: Added _OSI(Processor Device)
[   15.411832] ACPI: Added _OSI(3.0 _SCP Extensions)
[   15.511620] ACPI: Added _OSI(Processor Aggregator Device)
[   15.617844] ACPI: Executed 1 blocks of module-level executable AML code
[   15.740857] ACPI: Interpreter enabled
[   15.782227] ACPI: (supports S0 S5)
[   15.782873] ACPI: Using IOAPIC for interrupt routing
[   15.783848] PCI: Using host bridge windows from ACPI; if necessary, use "pci=nocrs" and report a bug
[   15.921057] ACPI: PCI Root Bridge [PCI0] (domain 0000 [bus 00-ff])
[   16.057644] acpi PNP0A03:00: _OSC: OS supports [ASPM ClockPM Segments MSI]
[   16.185301] acpi PNP0A03:00: _OSC failed (AE_NOT_FOUND); disabling ASPM
[   16.265260] acpi PNP0A03:00: fail to add MMCONFIG information, can't access extended PCI configuration space under this bridge.
[   16.332794] PCI host bridge to bus 0000:00
[   16.410154] pci_bus 0000:00: root bus resource [io  0x0000-0x0cf7 window]
[   16.538674] pci_bus 0000:00: root bus resource [io  0x0d00-0xffff window]
[   16.659915] pci_bus 0000:00: root bus resource [mem 0x000a0000-0x000bffff window]
[   16.753778] pci_bus 0000:00: root bus resource [mem 0xe0000000-0xffdfffff window]
[   16.791664] pci_bus 0000:00: root bus resource [bus 00-ff]
[   16.901263] pci 0000:00:01.1: legacy IDE quirk: reg 0x10: [io  0x01f0-0x01f7]
[   17.070575] pci 0000:00:01.1: legacy IDE quirk: reg 0x14: [io  0x03f6]
[   17.094437] pci 0000:00:01.1: legacy IDE quirk: reg 0x18: [io  0x0170-0x0177]
[   17.114212] pci 0000:00:01.1: legacy IDE quirk: reg 0x1c: [io  0x0376]
[   17.180627] pci 0000:00:07.0: quirk: [io  0x4000-0x403f] claimed by PIIX4 ACPI
[   17.291038] pci 0000:00:07.0: quirk: [io  0x4100-0x410f] claimed by PIIX4 SMB
[   17.430352] ACPI: PCI Interrupt Link [LNKA] (IRQs 5 9 10 11) *0, disabled.
[   17.559021] ACPI: PCI Interrupt Link [LNKB] (IRQs 5 9 10 *11)
[   17.669564] ACPI: PCI Interrupt Link [LNKC] (IRQs 5 9 *10 11)
[   17.779573] ACPI: PCI Interrupt Link [LNKD] (IRQs 5 *9 10 11)
[   17.815447] ACPI: Enabled 2 GPEs in block 00 to 07
[   17.816736] vgaarb: setting as boot device: PCI:0000:00:02.0
[   17.876836] vgaarb: device added: PCI:0000:00:02.0,decodes=io+mem,owns=io+mem,locks=none
[   18.057199] vgaarb: loaded
[   18.110363] vgaarb: bridge control possible 0000:00:02.0
[   18.141996] SCSI subsystem initialized
[   18.142822] ACPI: bus type USB registered
[   18.184961] usbcore: registered new interface driver usbfs
[   18.292944] usbcore: registered new interface driver hub
[   18.380493] usbcore: registered new device driver usb
[   18.405806] PCI: Using ACPI for IRQ routing
[   18.407946] NetLabel: Initializing
[   18.408624] NetLabel:  domain hash size = 128
[   18.409413] NetLabel:  protocols = UNLABELED CIPSOv4
[   18.454208] NetLabel:  unlabeled traffic allowed by default
[   18.518269] amd_nb: Cannot enumerate AMD northbridges
[   18.611521] clocksource: Switched to clocksource kvm-clock
[   18.707652] AppArmor: AppArmor Filesystem Enabled
[   18.835694] pnp: PnP ACPI init
[   18.922387] pnp: PnP ACPI: found 3 devices
[   19.028807] clocksource: acpi_pm: mask: 0xffffff max_cycles: 0xffffff, max_idle_ns: 2085701024 ns
[   19.255287] NET: Registered protocol family 2
[   19.283617] TCP established hash table entries: 32768 (order: 6, 262144 bytes)
[   19.325337] TCP bind hash table entries: 32768 (order: 7, 524288 bytes)
[   19.327977] TCP: Hash tables configured (established 32768 bind 32768)
[   19.489295] UDP hash table entries: 2048 (order: 4, 65536 bytes)
[   19.605550] UDP-Lite hash table entries: 2048 (order: 4, 65536 bytes)
[   19.712862] NET: Registered protocol family 1
[   19.777327] pci 0000:00:00.0: Limiting direct PCI/PCI transfers
[   19.917477] pci 0000:00:01.0: Activating ISA DMA hang workarounds
[   20.051777] Unpacking initramfs...
[   21.846711] Freeing initrd memory: 10780K (ffff880036ae2000 - ffff880037569000)
[   22.056616] PCI-DMA: Using software bounce buffering for IO (SWIOTLB)
[   22.203687] software IO TLB [mem 0xdbff0000-0xdfff0000] (64MB) mapped at [ffff8800dbff0000-ffff8800dffeffff]
[   22.390391] platform rtc_cmos: registered platform RTC device (no PNP device found)
[   22.575815] Scanning for low memory corruption every 60 seconds
[   22.731221] futex hash table entries: 512 (order: 3, 32768 bytes)
[   22.758086] audit: initializing netlink subsys (disabled)
[   22.758985] audit: type=2000 audit(1492816678.472:1): initialized
[   22.760310] Initialise system trusted keyring
[   22.761309] HugeTLB registered 2 MB page size, pre-allocated 0 pages
[   22.798691] zbud: loaded
[   22.799499] VFS: Disk quotas dquot_6.6.0
[   22.843045] VFS: Dquot-cache hash table entries: 512 (order 0, 4096 bytes)
[   22.844376] squashfs: version 4.0 (2009/01/31) Phillip Lougher
[   22.845621] fuse init (API version 7.23)
[   22.846444] Key type big_key registered
[   22.847163] Allocating IMA MOK and blacklist keyrings.
[   22.989178] Key type asymmetric registered
[   23.078175] Asymmetric key parser 'x509' registered
[   23.177475] Block layer SCSI generic (bsg) driver version 0.4 loaded (major 249)
[   23.369705] io scheduler noop registered
[   23.387553] tsc: Refined TSC clocksource calibration: 2195.048 MHz
[   23.387556] clocksource: tsc: mask: 0xffffffffffffffff max_cycles: 0x1fa3ecf0973, max_idle_ns: 440795226644 ns
[   23.449807] io scheduler deadline registered (default)
[   23.450705] io scheduler cfq registered
[   23.541906] pci_hotplug: PCI Hot Plug PCI Core version: 0.5
[   23.687274] pciehp: PCI Express Hot Plug Controller Driver version: 0.4
[   23.714703] ACPI: AC Adapter [AC] (on-line)
[   23.847064] input: Power Button as /devices/LNXSYSTM:00/LNXPWRBN:00/input/input0
[   23.987046] ACPI: Power Button [PWRF]
[   24.049686] input: Sleep Button as /devices/LNXSYSTM:00/LNXSLPBN:00/input/input1
[   24.107897] ACPI: Sleep Button [SLPF]
[   24.108807] GHES: HEST is not enabled!
[   24.127100] ACPI: Battery Slot [BAT0] (battery present)
[   24.287768] Serial: 8250/16550 driver, 32 ports, IRQ sharing enabled
[   24.481779] 00:02: ttyS0 at I/O 0x3f8 (irq = 4, base_baud = 115200) is a 16550A
[   24.502628] Linux agpgart interface v0.103
[   24.617181] loop: module loaded
[   24.687034] scsi host0: ata_piix
[   24.725679] scsi host1: ata_piix
[   24.763148] ata1: PATA max UDMA/33 cmd 0x1f0 ctl 0x3f6 bmdma 0xd000 irq 14
[   24.764310] ata2: PATA max UDMA/33 cmd 0x170 ctl 0x376 bmdma 0xd008 irq 15
[   24.765527] libphy: Fixed MDIO Bus: probed
[   24.826768] tun: Universal TUN/TAP device driver, 1.6
[   24.847769] tun: (C) 1999-2004 Max Krasnyansky <maxk@qualcomm.com>
[   24.848818] PPP generic driver version 2.4.2
[   24.849633] ehci_hcd: USB 2.0 'Enhanced' Host Controller (EHCI) Driver
[   24.850814] ehci-pci: EHCI PCI platform driver
[   24.946779] ehci-platform: EHCI generic platform driver
[   25.056949] ohci_hcd: USB 1.1 'Open' Host Controller (OHCI) Driver
[   25.214142] ohci-pci: OHCI PCI platform driver
[   25.264345] ohci-platform: OHCI generic platform driver
[   25.286611] uhci_hcd: USB Universal Host Controller Interface driver
[   25.298067] i8042: PNP: PS/2 Controller [PNP0303:PS2K,PNP0f03:PS2M] at 0x60,0x64 irq 1,12
[   25.299883] serio: i8042 KBD port at 0x60,0x64 irq 1
[   25.394771] serio: i8042 AUX port at 0x60,0x64 irq 12
[   25.517404] mousedev: PS/2 mouse device common for all mice
[   25.658100] input: AT Translated Set 2 keyboard as /devices/platform/i8042/serio0/input/input2
[   25.885098] rtc_cmos rtc_cmos: rtc core: registered rtc_cmos as rtc0
[   26.034350] rtc_cmos rtc_cmos: alarms up to one day, 114 bytes nvram
[   26.178991] i2c /dev entries driver
[   26.258653] device-mapper: uevent: version 1.0.3
[   26.363741] device-mapper: ioctl: 4.34.0-ioctl (2015-10-28) initialised: dm-devel@redhat.com
[   26.581445] ledtrig-cpu: registered to indicate activity on CPUs
[   26.702141] NET: Registered protocol family 10
[   26.736948] NET: Registered protocol family 17
[   26.775285] Key type dns_resolver registered
[   26.776263] microcode: CPU0 sig=0x40661, pf=0x40, revision=0x0
[   26.891431] microcode: CPU1 sig=0x40661, pf=0x40, revision=0x0
[   27.037349] microcode: Microcode Update Driver: v2.01 <tigran@aivazian.fsnet.co.uk>, Peter Oruba
[   27.226601] registered taskstats version 1
[   27.312361] Loading compiled-in X.509 certificates
[   27.435722] Loaded X.509 cert 'Build time autogenerated kernel key: 04ae903e4643330d1fe41947e79c28b436494994'
[   27.702037] zswap: loaded using pool lzo/zbud
[   27.820083] Key type trusted registered
[   27.896216] Key type encrypted registered
[   27.915569] AppArmor: AppArmor sha1 policy hashing enabled
[   27.916466] ima: No TPM chip found, activating TPM-bypass!
[   27.917367] evm: HMAC attrs: 0x1
[   27.918401]   Magic number: 13:278:353
[   27.919191] rtc_cmos rtc_cmos: setting system clock to 2017-04-21 23:18:16 UTC (1492816696)
[   27.920884] BIOS EDD facility v0.16 2004-Jun-25, 0 devices found
[   27.921824] EDD information not available.
[   27.961189] Freeing unused kernel memory: 1484K (ffffffff81f45000 - ffffffff820b8000)
[   27.999004] Write protecting the kernel read-only data: 14336k
[   28.001186] Freeing unused kernel memory: 1776K (ffff880001844000 - ffff880001a00000)
[   28.094293] Freeing unused kernel memory: 120K (ffff880001de2000 - ffff880001e00000)
Loading, please [   28.274455] random: systemd-udevd: uninitialized urandom read (16 bytes read, 4 bits of entropy available)
wait...
startin[   28.274998] random: udevadm: uninitialized urandom read (16 bytes read, 4 bits of entropy available)
g version 229
[   28.275027] random: udevadm: uninitialized urandom read (16 bytes read, 4 bits of entropy available)
[   28.275119] random: udevadm: uninitialized urandom read (16 bytes read, 4 bits of entropy available)
[   28.275152] random: udevadm: uninitialized urandom read (16 bytes read, 4 bits of entropy available)
[   28.275185] random: udevadm: uninitialized urandom read (16 bytes read, 4 bits of entropy available)
[   28.275216] random: udevadm: uninitialized urandom read (16 bytes read, 4 bits of entropy available)
[   28.275247] random: udevadm: uninitialized urandom read (16 bytes read, 4 bits of entropy available)
[   28.275276] random: udevadm: uninitialized urandom read (16 bytes read, 4 bits of entropy available)
[   28.275306] random: udevadm: uninitialized urandom read (16 bytes read, 4 bits of entropy available)
[   30.030149] Fusion MPT base driver 3.04.20
[   30.089570] Copyright (c) 1999-2008 LSI Corporation
[   30.128347] e1000: Intel(R) PRO/1000 Network Driver - version 7.3.21-k8-NAPI
[   30.209407] e1000: Copyright (c) 1999-2006 Intel Corporation.
[   30.251535] AVX version of gcm_enc/dec engaged.
[   30.380083] AES CTR mode by8 optimization enabled
[   30.405705] Fusion MPT SPI Host driver 3.04.20
[   30.521053] input: ImExPS/2 Generic Explorer Mouse as /devices/platform/i8042/serio1/input/input4
[   30.849280] e1000 0000:00:03.0 eth0: (PCI:33MHz:32-bit) 02:72:60:9c:65:f4
[   31.046986] e1000 0000:00:03.0 eth0: Intel(R) PRO/1000 Network Connection
[   31.225021] mptbase: ioc0: Initiating bringup
[   31.225412] e1000 0000:00:03.0 enp0s3: renamed from eth0
[   31.456520] ioc0: LSI53C1030 A0: Capabilities={Initiator}
[   31.748750] scsi host2: ioc0: LSI53C1030 A0, FwRev=00000000h, Ports=1, MaxQ=256, IRQ=20
[   32.057085] scsi 2:0:0:0: Direct-Access     VBOX     HARDDISK         1.0  PQ: 0 ANSI: 5
[   32.267328] scsi target2:0:0: Beginning Domain Validation
[   32.426253] scsi target2:0:0: Domain Validation skipping write tests
[   32.448258] scsi target2:0:0: Ending Domain Validation
[   32.449183] scsi target2:0:0: asynchronous
[   32.498382] scsi 2:0:1:0: Direct-Access     VBOX     HARDDISK         1.0  PQ: 0 ANSI: 5
[   32.777928] scsi target2:0:1: Beginning Domain Validation
[   32.980417] scsi target2:0:1: Domain Validation skipping write tests
[   33.110249] scsi target2:0:1: Ending Domain Validation
[   33.261869] floppy0: no floppy controllers found
[   33.297770] scsi target2:0:1: asynchronous
[   33.304032] sd 2:0:0:0: [sda] 20971520 512-byte logical blocks: (10.7 GB/10.0 GiB)
[   33.484568] sd 2:0:0:0: Attached scsi generic sg0 type 0
[   33.607911] sd 2:0:1:0: Attached scsi generic sg1 type 0
[   33.712503] sd 2:0:0:0: [sda] Write Protect is off
[   33.810165] sd 2:0:1:0: [sdb] 20480 512-byte logical blocks: (10.5 MB/10.0 MiB)
[   33.812578] sd 2:0:0:0: [sda] Incomplete mode parameter data
[   33.812579] sd 2:0:0:0: [sda] Assuming drive cache: write through
[   33.815767]  sda: sda1
[   33.816807] sd 2:0:0:0: [sda] Attached SCSI disk
[   34.110263] sd 2:0:1:0: [sdb] Write Protect is off
[   34.228256] sd 2:0:1:0: [sdb] Incomplete mode parameter data
[   34.311724] sd 2:0:1:0: [sdb] Assuming drive cache: write through
[   34.491974] sd 2:0:1:0: [sdb] Attached SCSI disk
Begin: Loading e[   35.858841] md: linear personality registered for level -1
ssential drivers[   36.035355] md: multipath personality registered for level -4
 ... [   36.245270] md: raid0 personality registered for level 0
[   36.345647] md: raid1 personality registered for level 1
[   36.447632] raid6: sse2x1   gen()  9464 MB/s
[   36.646527] raid6: sse2x1   xor()  8022 MB/s
[   36.884017] raid6: sse2x2   gen() 12217 MB/s
[   37.119819] raid6: sse2x2   xor()  7272 MB/s
[   37.319981] raid6: sse2x4   gen() 12759 MB/s
[   37.503711] raid6: sse2x4   xor()  8960 MB/s
[   37.623648] raid6: using algorithm sse2x4 gen() 12759 MB/s
[   37.757350] raid6: .... xor() 8960 MB/s, rmw enabled
[   37.939858] raid6: using ssse3x2 recovery algorithm
[   38.097722] xor: automatically using best checksumming function:
[   38.243646]    avx       : 22365.000 MB/sec
[   38.335886] async_tx: api initialized (async)
[   38.472781] md: raid6 personality registered for level 6
[   38.586771] md: raid5 personality registered for level 5
[   38.748584] md: raid4 personality registered for level 4
[   38.924500] md: raid10 personality registered for level 10
done.
Begin: Running /scripts/init-premount ...[   39.068688] Btrfs loaded
 done.
Begin: Mounting root file system ... Begin: Running /scripts/local-top ... done.
Begin: Running /scripts/local-premount ... Scanning for Btrfs filesystems
done.
Warning: fsck no[   39.165825] EXT4-fs (sda1): mounted filesystem with ordered data mode. Opts: (null)
t present, so skipping root file system
done.
Begin: Running /scripts/local-bottom ... done.
Begin: Running /scripts/init-bottom ... done.
[   39.334299] systemd[1]: systemd 229 running in system mode. (+PAM +AUDIT +SELINUX +IMA +APPARMOR +SMACK +SYSVINIT +UTMP +LIBCRYPTSETUP +GCRYPT +GNUTLS +ACL +XZ -LZ4 +SECCOMP +BLKID +ELFUTILS +KMOD -IDN)
[   39.738455] systemd[1]: Detected virtualization oracle.
[   39.778155] systemd[1]: Detected architecture x86-64.

Welcome to [1mUbuntu 16.04.2 LTS[0m!

[   39.834766] systemd[1]: Set hostname to <ubuntu-xenial>.
[   40.060517] systemd[1]: Listening on Device-mapper event daemon FIFOs.
[[0;32m  OK  [0m] Listening on Device-mapper event daemon FIFOs.
[   40.260982] systemd[1]: Listening on Syslog Socket.
[[0;32m  OK  [0m] Listening on Syslog Socket.
[   40.404418] systemd[1]: Listening on Journal Socket (/dev/log).
[[0;32m  OK  [0m] Listening on Journal Socket (/dev/log).
[   40.600274] systemd[1]: Reached target Encrypted Volumes.
[[0;32m  OK  [0m] Reached target Encrypted Volumes.
[   40.772247] systemd[1]: Reached target User and Group Name Lookups.
[[0;32m  OK  [0m] Reached target User and Group Name Lookups.
[   40.952690] systemd[1]: Listening on LVM2 poll daemon socket.
[[0;32m  OK  [0m] Listening on LVM2 poll daemon socket.
[   41.143920] systemd[1]: Started Forward Password Requests to Wall Directory Watch.
[[0;32m  OK  [0m] Started Forward Password Requests to Wall Directory Watch.
[   41.244441] systemd[1]: Created slice System Slice.
[[0;32m  OK  [0m] Created slice System Slice.
[   41.392401] systemd[1]: Created slice system-serial\x2dgetty.slice.
[[0;32m  OK  [0m] Created slice system-serial\x2dgetty.slice.
[   41.608103] systemd[1]: Listening on /dev/initctl Compatibility Named Pipe.
[[0;32m  OK  [0m] Listening on /dev/initctl Compatibility Named Pipe.
[   41.840286] systemd[1]: Set up automount Arbitrary Executable File Formats File System Automount Point.
[[0;32m  OK  [0m] Set up automount Arbitrary Executab...ats File System Automount Point.
[   42.136357] systemd[1]: Listening on LVM2 metadata daemon socket.
[[0;32m  OK  [0m] Listening on LVM2 metadata daemon socket.
[   42.328123] systemd[1]: Reached target Swap.
[[0;32m  OK  [0m] Reached target Swap.
[   42.464139] systemd[1]: Listening on udev Kernel Socket.
[[0;32m  OK  [0m] Listening on udev Kernel Socket.
[   42.636228] systemd[1]: Listening on Journal Audit Socket.
[[0;32m  OK  [0m] Listening on Journal Audit Socket.
[   42.792733] systemd[1]: Created slice User and Session Slice.
[[0;32m  OK  [0m] Created slice User and Session Slice.
[   42.999993] systemd[1]: Reached target Slices.
[[0;32m  OK  [0m] Reached target Slices.
[   43.120337] systemd[1]: Listening on udev Control Socket.
[[0;32m  OK  [0m] Listening on udev Control Socket.
[   43.296113] systemd[1]: Listening on Journal Socket.
[[0;32m  OK  [0m] Listening on Journal Socket.
[   43.476439] systemd[1]: Starting Uncomplicated firewall...
         Starting Uncomplicated firewall...
[   43.672478] systemd[1]: Starting Monitoring of LVM2 mirrors, snapshots etc. using dmeventd or progress polling...
         Starting Monitoring of LVM2 mirrors... dmeventd or progress polling...
[   43.933163] systemd[1]: Starting Journal Service...
         Starting Journal Service...
[   43.968384] systemd[1]: Starting Nameserver information manager...
         Starting Nameserver information manager...
[   44.164143] systemd[1]: Starting Load Kernel Modules...
[   44.289119] random: nonblocking pool is initialized
         Starting Load Ke[   44.438633] Loading iSCSI transport class v2.0-870.
rnel Modules...[   44.602233] iscsi: registered transport (tcp)

[   44.791772] systemd[1]: Starting Remount Root and Kernel File Systems...
         [   44.982144] EXT4-fs (sda1): re-mounted. Opts: (null)
Starting Remount[   45.094236] iscsi: registered transport (iser)
 Root and Kernel File Systems...
[   45.196463] systemd[1]: Starting Create list of required static device nodes for the current kernel...
         Starting Create list of required st... nodes for the current kernel...
[   45.491961] systemd[1]: Mounting Huge Pages File System...
         Mounting Huge Pages File System...
[   45.656327] systemd[1]: Mounting POSIX Message Queue File System...
         Mounting POSIX Message Queue File System...
[   45.859911] systemd[1]: Starting Set console keymap...
         Starting Set console keymap...
[   46.008086] systemd[1]: Mounting Debug File System...
         Mounting Debug File System...
[   46.192808] systemd[1]: Mounted POSIX Message Queue File System.
[[0;32m  OK  [0m] Mounted POSIX Message Queue File System.
[   46.412131] systemd[1]: Mounted Debug File System.
[[0;32m  OK  [0m] Mounted Debug File System.
[   46.596007] systemd[1]: Mounted Huge Pages File System.
[[0;32m  OK  [0m] Mounted Huge Pages File System.
[   46.812300] systemd[1]: Started Journal Service.
[[0;32m  OK  [0m] Started Journal Service.
[[0;32m  OK  [0m] Started Uncomplicated firewall.
[[0;32m  OK  [0m] Started Load Kernel Modules.
[[0;32m  OK  [0m] Started Remount Root and Kernel File Systems.
[[0;32m  OK  [0m] Started Create list of required sta...ce nodes for the current kernel.
[[0;32m  OK  [0m] Started Set console keymap.
[[0;32m  OK  [0m] Started Nameserver information manager.
[[0;32m  OK  [0m] Started LVM2 metadata daemon.
         Starting Create Static Device Nodes in /dev...
         Starting udev Coldplug all Devices...
         Starting Load/Save Random Seed...
         Starting Initial cloud-init job (pre-networking)...
         Mounting FUSE Control File System...
         Starting Apply Kernel Variables...
         Starting Flush Journal to Persistent Storage...
[[0;32m  OK  [0m] Mounted FUSE Control File System.
[[0;32m  OK  [0m] Started Create Static Device Nodes in /dev.
[[0;32m  OK  [0m] Started Load/Save Random Seed.
[[0;32m  OK  [0m] Started Apply Kernel Variables.
[[0;32m  OK  [0m] Started udev Coldplug all Devices.
[[0;32m  OK  [0m] Started Flush Journal to Persistent Storage.
[[0;32m  OK  [0m] Started Monitoring of LVM2 mirrors,...ng dmeventd or progress polling.
         Starting udev Kernel Device Manager...
[[0;32m  OK  [0m] Started udev Kernel Device Manager.
[[0;32m  OK  [0m] Started Dispatch Password Requests to Console Directory Watch.
[[0;32m  OK  [0m] Reached target Local File Systems (Pre).
[[0;32m  OK  [0m] Reached target Local File Systems.
         Starting Set console font and keymap...
         Starting LSB: AppArmor initialization...
         Starting Tell Plymouth To Write Out Runtime Data...
         Starting Create Volatile Files and Directories...
[[0;32m  OK  [0m] Started Tell Plymouth To Write Out Runtime Data.
[   30.508709] cloud-init[447]: Cloud-init v. 0.7.9 running 'init-local' at Fri, 21 Apr 2017 23:18:36 +0000. Up 30.15 seconds.
[[0;32m  OK  [0m] Started Create Volatile Files and Directories.
[[0;32m  OK  [0m] Started Initial cloud-init job (pre-networking).
[[0;32m  OK  [0m] Found device /dev/ttyS0.
[[0;32m  OK  [0m] Started Set console font and keymap.
[[0;32m  OK  [0m] Listening on Load/Save RF Kill Switch Status /dev/rfkill Watch.
[[0;32m  OK  [0m] Created slice system-getty.slice.
[[0;32m  OK  [0m] Reached target Network (Pre).
         Starting Update UTMP about System Boot/Shutdown...
[[0;32m  OK  [0m] Reached target System Time Synchronized.
[[0;32m  OK  [0m] Started LSB: AppArmor initialization.
         Starting Raise network interfaces...
[[0;32m  OK  [0m] Started ifup for enp0s3.
[[0;32m  OK  [0m] Started Update UTMP about System Boot/Shutdown.
[[0;32m  OK  [0m] Started Raise network interfaces.
         Starting Initial cloud-init job (metadata service crawler)...
[[0;32m  OK  [0m] Reached target Network.
[   33.655419] cloud-init[959]: Cloud-init v. 0.7.9 running 'init' at Fri, 21 Apr 2017 23:18:39 +0000. Up 33.45 seconds.
[   33.728809] cloud-init[959]: ci-info: +++++++++++++++++++++++++++++++++++++Net device info++++++++++++++++++++++++++++++++++++++
[   33.729123] cloud-init[959]: ci-info: +--------+------+----------------------------+---------------+-------+-------------------+
[[0;32m  OK  [0m] Started Initial cloud-init job (metadata service crawler).
[   33.729349] cloud-init[959]: ci-info: | Device |  Up  |          Address           |      Mask     | Scope |     Hw-Address    |
[   34.036717] cloud-init[959]: ci-info: +--------+------+----------------------------+---------------+-------+-------------------+
[   34.037113] cloud-init[959]: ci-info: | enp0s3 | True |         10.0.2.15          | 255.255.255.0 |   .   | 02:72:60:9c:65:f4 |
[[0;32m  OK  [0m] Reached target Network is Online.
[   34.037281] cloud-init[959]: ci-info: | enp0s3 | True | fe80::72:60ff:fe9c:65f4/64 |       .       |  link | 02:72:60:9c:65:f4 |
[   34.328788] cloud-init[959]: ci-info: |   lo   | True |         127.0.0.1          |   255.0.0.0   |   .   |         .         |
[   34.329184] cloud-init[959]: ci-info: |   lo   | True |          ::1/128           |       .       |  host |         .         |
         Starting iSCSI initiator daemon (iscsid)...
[[   34.329367] cloud-init[959]: ci-info: +--------+------+----------------------------+---------------+-------+-------------------+
[   34.545573] cloud-init[959]: ci-info: +++++++++++++++++++++++++++Route IPv4 info++++++++++++++++++++++++++++
[0;32m  OK  [0m] Reached target Cloud-config availability.
[[   34.545718] cloud-init[959]: ci-info: +-------+-------------+----------+---------------+-----------+-------+
[   34.769283] cloud-init[959]: ci-info: | Route | Destination | Gateway  |    Genmask    | Interface | Flags |
[0;32m  OK  [0m] Reached target System Initialization.
[[   34.769392] cloud-init[959]: ci-info: +-------+-------------+----------+---------------+-----------+-------+
[   34.956960] cloud-init[959]: ci-info: |   0   |   0.0.0.0   | 10.0.2.2 |    0.0.0.0    |   enp0s3  |   UG  |
[0;32m  OK  [0m] Listening on UUID daemon activation socket.
[[   34.957046] cloud-init[959]: ci-info: |   1   |   10.0.2.0  | 0.0.0.0  | 255.255.255.0 |   enp0s3  |   U   |
[   35.165490] cloud-init[959]: ci-info: +-------+-------------+----------+---------------+-----------+-------+
[0;32m  OK  [0m] Started Trigger resolvconf update for networkd DNS.
[[0;32m  OK  [0m] Listening on D-Bus System Message Bus Socket.
[[0;32m  OK  [0m] Started Timer to automatically refresh installed snaps.
[[0;32m  OK  [0m] Started Daily apt activities.
[[0;32m  OK  [0m] Started ACPI Events Check.
[[0;32m  OK  [0m] Reached target Paths.
         Starting LXD - unix socket.
[[0;32m  OK  [0m] Listening on ACPID Listen Socket.
[[0;32m  OK  [0m] Started Daily Cleanup of Temporary Directories.
[[0;32m  OK  [0m] Reached target Timers.
         Starting Socket activation for snappy daemon.
[[0;32m  OK  [0m] Listening on LXD - unix socket.
[[0;32m  OK  [0m] Listening on Socket activation for snappy daemon.
[[0;32m  OK  [0m] Started iSCSI initiator daemon (iscsid).
         Starting Login to default iSCSI targets...
[[0;32m  OK  [0m] Reached target Sockets.
[[0;32m  OK  [0m] Reached target Basic System.
         Starting System Logging Service...
         Starting Accounts Service...
         Starting Login Service...
[[0;32m  OK  [0m] Started Deferred execution scheduler.
         Starting Apply the settings specified in cloud-config...
[[0;32m  OK  [0m] Started Snappy daemon.
[[0;32m  OK  [0m] Started Regular background program processing daemon.
         Starting /etc/rc.local Compatibility...
         Starting LSB: MD monitoring daemon...
         Starting OpenBSD Secure Shell server...
[[0;32m  OK  [0m] Started FUSE filesystem for LXC.
[[0;32m  OK  [0m] Started D-Bus System Message Bus.
[   36.547900] cloud-init[1028]: Cloud-init v. 0.7.9 running 'modules:config' at Fri, 21 Apr 2017 23:18:42 +0000. Up 36.47 seconds.
         Starting Auto import assertions from block devices...
         Starting LSB: Record successful boot for GRUB...
[[0;32m  OK  [0m] Started ACPI event daemon.
         Starting LXD - container startup/shutdown...
[[0;32m  OK  [0m] Started System Logging Service.
[[0;32m  OK  [0m] Started OpenBSD Secure Shell server.
[[0;32m  OK  [0m] Started Apply the settings specified in cloud-config.
[[0;32m  OK  [0m] Started /etc/rc.local Compatibility.
[[0;32m  OK  [0m] Started Auto import assertions from block devices.
[[0;32m  OK  [0m] Started LXD - container startup/shutdown.
[[0;32m  OK  [0m] Started Login to default iSCSI targets.
[[0;32m  OK  [0m] Started LSB: MD monitoring daemon.
[[0;32m  OK  [0m] Started LSB: Record successful boot for GRUB.
[[0;32m  OK  [0m] Started Login Service.
         Starting Authenticate and Authorize Users to Run Privileged Tasks...
[[0;32m  OK  [0m] Reached target Remote File Systems (Pre).
[[0;32m  OK  [0m] Reached target Remote File Systems.
         Starting LSB: VirtualBox Linux Additions...
         Starting Permit User Sessions...
         Starting LSB: automatic crash report generation...
         Starting LSB: daemon to balance interrupts for SMP systems...
         Starting LSB: Set the CPU Frequency Scaling governor to "ondemand"...
[[0;32m  OK  [0m] Started Permit User Sessions.
[[0;32m  OK  [0m] Started Authenticate and Authorize Users to Run Privileged Tasks.
[[0;32m  OK  [0m] Started Accounts Service.
         Starting Terminate Plymouth Boot Screen...
         Starting Hold until boot process finishes up...
[[0;32m  OK  [0m] Started LSB: VirtualBox Linux Additions.
[[0;32m  OK  [0m] Started LSB: automatic crash report generation.
[[0;32m  OK  [0m] Started LSB: daemon to balance interrupts for SMP systems.
[[0;32m  OK  [0m] Started Terminate Plymouth Boot Screen.
[[0;32m  OK  [0m] Started Hold until boot process finishes up.
[[0;32m  OK  [0m] Started LSB: Set the CPU Frequency Scaling governor to "ondemand".
[[0;32m  OK  [0m] Started Getty on tty1.
[[0;32m  OK  [0m] Started Serial Getty on ttyS0.
[[0;32m  OK  [0m] Reached target Login Prompts.
         Starting Set console scheme...
[[0;32m  OK  [0m] Reached target Multi-User System.
[[0;32m  OK  [0m] Reached target Graphical Interface.
         Starting Update UTMP about System Runlevel Changes...
         Starting Execute cloud user/final scripts...
[[0;32m  OK  [0m] Started Set console scheme.
[[0;32m  OK  [0m] Started Update UTMP about System Runlevel Changes.
[   39.000783] cloud-init[1183]: Cloud-init v. 0.7.9 running 'modules:final' at Fri, 21 Apr 2017 23:18:45 +0000. Up 38.91 seconds.
[   39.112764] cloud-init[1183]: Cloud-init v. 0.7.9 finished at Fri, 21 Apr 2017 23:18:45 +0000. Datasource DataSourceNoCloud [seed=/dev/sdb][dsmode=net].  Up 38.99 seconds
[[0;32m  OK  [0m] Started Execute cloud user/final scripts.
[[0;32m  OK  [0m] Reached target Cloud-init target.

Ubuntu 16.04.2 LTS ubuntu-xenial ttyS0

ubuntu-xenial login: [[0;32m  OK  [0m] Closed/[[0;32m  OK  [0m] Unmounted /var/lib/lxcfs.
[[0;32m  OK  [0m] Stopped System Logging Service.
[[0;32m  OK  [0m] Stopped Accounts Service.
[[0;32m  OK  [0m] Stopped Deferred execution scheduler.
[[0;32m  OK  [0m] Stopped Snappy daemon.
[[0;32m  OK  [0m] Stopped Regular background program processing daemon.
[[0;32m  OK  [0m] Stopped OpenBSD Secure Shell server.
[[0;32m  OK  [0m] Stopped ACPI event daemon.
[[0;32m  OK  [0m] Stopped Authenticate and Authorize Users to Run Privileged Tasks.
[[0;32m  OK  [0m] Stopped Getty on tty1.
[[0;32m  OK  [0m] Stopped Serial Getty on ttyS0.
[[0;32m  OK  [0m] Stopped User Manager for UID 1000.
[[0;32m  OK  [0m] Stopped Session 29 of user ubuntu.
[[0;32m  OK  [0m] Stopped D-Bus System Message Bus.
[[0;32m  OK  [0m] Stopped FUSE filesystem for LXC.
[[0;32m  OK  [0m] Stopped LXD - container startup/shutdown.
[[0;32m  OK  [0m] Stopped LSB: Set the CPU Frequency Scaling governor to "ondemand".
[[0;32m  OK  [0m] Stopped LSB: VirtualBox Linux Additions.
[[0;32m  OK  [0m] Stopped LSB: automatic crash report generation.
[[0;32m  OK  [0m] Stopped LSB: MD monitoring daemon.
[[0;32m  OK  [0m] Stopped LSB: daemon to balance interrupts for SMP systems.
[[0;32m  OK  [0m] Stopped LSB: Record successful boot for GRUB.
[[0;32m  OK  [0m] Removed slice User Slice of ubuntu.
         Stopping Login Service...
[[0;32m  OK  [0m] Removed slice system-serial\x2dgetty.slice.
[[0;32m  OK  [0m] Stopped /etc/rc.local Compatibility.
         Stopping Permit User Sessions...
[[0;32m  OK  [0m] Removed slice system-getty.slice.
[[0;32m  OK  [0m] Stopped Login Service.
[[0;32m  OK  [0m] Stopped Permit User Sessions.
[[0;32m  OK  [0m] Stopped target Remote File Systems.
[[0;32m  OK  [0m] Stopped target Remote File Systems (Pre).
         Stopping Login to default iSCSI targets...
[[0;32m  OK  [0m] Stopped target User and Group Name Lookups.
[[0;32m  OK  [0m] Stopped target Basic System.
[[0;32m  OK  [0m] Stopped target Slices.
[[0;32m  OK  [0m] Removed slice User and Session Slice.
[[0;32m  OK  [0m] Stopped target Paths.
[[0;32m  OK  [0m] Stopped Trigger resolvconf update for networkd DNS.
[[0;32m  OK  [0m] Stopped Forward Password Requests to Wall Directory Watch.
[[0;32m  OK  [0m] Stopped Dispatch Password Requests to Console Directory Watch.
[[0;32m  OK  [0m] Stopped ACPI Events Check.
[[0;32m  OK  [0m] Stopped target Sockets.
[[0;32m  OK  [0m] Closed D-Bus System Message Bus Socket.
[[0;32m  OK  [0m] Closed Socket activation for snappy daemon.
[[0;32m  OK  [0m] Closed LXD - unix socket.
[[0;32m  OK  [0m] Closed ACPID Listen Socket.
[[0;32m  OK  [0m] Closed Syslog Socket.
[[0;32m  OK  [0m] Closed UUID daemon activation socket.
[[0;32m  OK  [0m] Stopped target System Initialization.
[[0;32m  OK  [0m] Stopped target Encrypted Volumes.
         Stopping Load/Save Random Seed...
         Stopping Update UTMP about System Boot/Shutdown...
[[0;32m  OK  [0m] Stopped target Swap.
[[0;32m  OK  [0m] Stopped Load/Save Random Seed.
[[0;32m  OK  [0m] Stopped Update UTMP about System Boot/Shutdown.
[[0;32m  OK  [0m] Stopped Login to default iSCSI targets.
         Stopping iSCSI initiator daemon (iscsid)...
[[0;32m  OK  [0m] Stopped Create Volatile Files and Directories.
[[0;32m  OK  [0m] Stopped iSCSI initiator daemon (iscsid).
[[0;32m  OK  [0m] Stopped target Network is Online.
[[0;32m  OK  [0m] Stopped target Network.
[[0;32m  OK  [0m] Stopped Initial cloud-init job (metadata service crawler).
         Stopping Raise network interfaces...
[[0;32m  OK  [0m] Stopped Raise network interfaces.
[[0;32m  OK  [0m] Stopped target Network (Pre).
[[0;32m  OK  [0m] Stopped Initial cloud-init job (pre-networking).
[[0;32m  OK  [0m] Stopped Apply Kernel Variables.
[[0;32m  OK  [0m] Stopped Load Kernel Modules.
[[0;32m  OK  [0m] Stopped target Local File Systems.
         Starting Unattended Upgrades Shutdown...
         Unmounting /run/user/1000...
[[0;32m  OK  [0m] Unmounted /run/user/1000.
[[0;32m  OK  [0m] Started Unattended Upgrades Shutdown.
[[0;32m  OK  [0m] Reached target Unmount All Filesystems.
[[0;32m  OK  [0m] Stopped target Local File Systems (Pre).
[[0;32m  OK  [0m] Stopped Remount Root and Kernel File Systems.
         Stopping Monitoring of LVM2 mirrors... dmeventd or progress polling...
[[0;32m  OK  [0m] Stopped Create Static Device Nodes in /dev.
[[0;32m  OK  [0m] Reached target Shutdown.
[86626.091403] reboot: Power down
